2024-12-07 20:45:37,817 [Worker-2: Loading available Gradle versions] INFO  o.e.b.c.i.u.g.PublishedGradleVersions - Gradle version information cache is up-to-date. Trying to read.
2024-12-07 20:46:50,702 [Worker-7: Import Getting Started Content] INFO  o.e.m.c.i.l.LifecycleMappingFactory - Using org.eclipse.m2e.jdt.JarLifecycleMapping lifecycle mapping for MavenProject: com.example:DockerDemo:0.0.1-SNAPSHOT @ C:\Users\RAHUL\Desktop\Rahul\SpringBootDocker\DockerDemo\pom.xml.
2024-12-07 20:46:53,409 [Worker-7: Import Getting Started Content] INFO  o.e.m.j.i.AbstractJavaProjectConfigurator - Adding source folder /DockerDemo/src/main/java
2024-12-07 20:46:53,413 [Worker-7: Import Getting Started Content] INFO  o.e.m.j.i.AbstractJavaProjectConfigurator - Adding resource folder /DockerDemo/src/main/resources
2024-12-07 20:46:53,422 [Worker-7: Import Getting Started Content] INFO  o.e.m.j.i.AbstractJavaProjectConfigurator - Adding resource folder /DockerDemo/src/main/resources
2024-12-07 20:46:53,429 [Worker-7: Import Getting Started Content] INFO  o.e.m.j.i.AbstractJavaProjectConfigurator - Adding source folder /DockerDemo/src/test/java
2024-12-07 20:46:53,433 [Worker-7: Import Getting Started Content] INFO  o.e.m.j.i.AbstractJavaProjectConfigurator - Adding resource folder /DockerDemo/src/test/resources
2024-12-07 20:46:55,740 [Worker-7: Import Getting Started Content] INFO  o.e.m.c.i.p.ProjectConfigurationManager - Imported and configured 1 project(s) in 9 sec
2024-12-07 20:46:55,749 [Worker-7: Import Getting Started Content] INFO  o.e.m.c.i.p.ProjectConfigurationManager - Update started
2024-12-07 20:46:57,310 [Worker-7: Import Getting Started Content] INFO  o.e.m.c.i.l.LifecycleMappingFactory - Using org.eclipse.m2e.jdt.JarLifecycleMapping lifecycle mapping for MavenProject: com.example:DockerDemo:0.0.1-SNAPSHOT @ C:\Users\RAHUL\Desktop\Rahul\SpringBootDocker\DockerDemo\pom.xml.
2024-12-07 20:46:59,635 [Worker-7: Import Getting Started Content] INFO  o.e.m.j.i.AbstractJavaProjectConfigurator - Adding source folder /DockerDemo/src/main/java
2024-12-07 20:46:59,638 [Worker-7: Import Getting Started Content] INFO  o.e.m.j.i.AbstractJavaProjectConfigurator - Adding resource folder /DockerDemo/src/main/resources
2024-12-07 20:46:59,642 [Worker-7: Import Getting Started Content] INFO  o.e.m.j.i.AbstractJavaProjectConfigurator - Adding resource folder /DockerDemo/src/main/resources
2024-12-07 20:46:59,643 [Worker-7: Import Getting Started Content] INFO  o.e.m.j.i.AbstractJavaProjectConfigurator - Adding source folder /DockerDemo/src/test/java
2024-12-07 20:46:59,647 [Worker-7: Import Getting Started Content] INFO  o.e.m.j.i.AbstractJavaProjectConfigurator - Adding resource folder /DockerDemo/src/test/resources
2024-12-07 20:47:01,364 [Worker-7: Import Getting Started Content] INFO  o.e.m.c.i.p.ProjectConfigurationManager - Update completed for 1 poms: local refresh takes 0.00 sec, refresh facades takes 3.00 sec, update config takes 1.00 sec 
2024-12-07 20:47:03,677 [Worker-0: Building] INFO  o.a.m.s.f.DefaultMavenResourcesFiltering - Copying 1 resource from src\main\resources to target\classes
2024-12-07 20:47:03,737 [Worker-0: Building] INFO  o.a.m.s.f.DefaultMavenResourcesFiltering - Copying 0 resource from src\main\resources to target\classes
2024-12-07 20:47:03,751 [Worker-0: Building] INFO  o.a.m.s.f.DefaultMavenResourcesFiltering - skip non existing resourceDirectory C:\Users\RAHUL\Desktop\Rahul\SpringBootDocker\DockerDemo\src\test\resources
2024-12-07 20:49:54,466 [Worker-10: Building] INFO  o.a.m.s.f.DefaultMavenResourcesFiltering - Copying 1 resource from src\main\resources to target\classes
2024-12-07 20:49:54,499 [Worker-10: Building] INFO  o.a.m.s.f.DefaultMavenResourcesFiltering - Copying 0 resource from src\main\resources to target\classes
2024-12-07 20:49:54,527 [Worker-10: Building] INFO  o.a.m.s.f.DefaultMavenResourcesFiltering - skip non existing resourceDirectory C:\Users\RAHUL\Desktop\Rahul\SpringBootDocker\DockerDemo\src\test\resources
2024-12-07 20:50:28,165 [Worker-1: Building] INFO  o.a.m.s.f.DefaultMavenResourcesFiltering - Copying 1 resource from src\main\resources to target\classes
2024-12-07 20:50:28,178 [Worker-1: Building] INFO  o.a.m.s.f.DefaultMavenResourcesFiltering - Copying 0 resource from src\main\resources to target\classes
2024-12-07 20:50:28,187 [Worker-1: Building] INFO  o.a.m.s.f.DefaultMavenResourcesFiltering - skip non existing resourceDirectory C:\Users\RAHUL\Desktop\Rahul\SpringBootDocker\DockerDemo\src\test\resources
2024-12-07 20:52:04,028 [Worker-0: Building] INFO  o.a.m.s.f.DefaultMavenResourcesFiltering - Copying 1 resource from src\main\resources to target\classes
2024-12-07 20:52:04,040 [Worker-0: Building] INFO  o.a.m.s.f.DefaultMavenResourcesFiltering - Copying 0 resource from src\main\resources to target\classes
2024-12-07 20:52:04,050 [Worker-0: Building] INFO  o.a.m.s.f.DefaultMavenResourcesFiltering - skip non existing resourceDirectory C:\Users\RAHUL\Desktop\Rahul\SpringBootDocker\DockerDemo\src\test\resources
2024-12-07 20:53:10,176 [Worker-3: Launching Executing install in C__Users_RAHUL_Desktop_Rahul_SpringBootDocker_DockerDemo] INFO  o.eclipse.m2e.core.internal.Bundles - getClasspathEntries(Bundle=org.eclipse.m2e.maven.runtime_3.9.700.20240602-2313 [359])
2024-12-07 20:53:10,180 [Worker-3: Launching Executing install in C__Users_RAHUL_Desktop_Rahul_SpringBootDocker_DockerDemo] INFO  o.eclipse.m2e.core.internal.Bundles - 	Entry: D:\sts-4.23.1.RELEASE\plugins\org.eclipse.m2e.maven.runtime_3.9.700.20240602-2313
2024-12-07 20:53:10,181 [Worker-3: Launching Executing install in C__Users_RAHUL_Desktop_Rahul_SpringBootDocker_DockerDemo] INFO  o.eclipse.m2e.core.internal.Bundles - 	Entry: D:\sts-4.23.1.RELEASE\plugins\org.eclipse.m2e.maven.runtime_3.9.700.20240602-2313\jars\aopalliance-1.0.jar
2024-12-07 20:53:10,181 [Worker-3: Launching Executing install in C__Users_RAHUL_Desktop_Rahul_SpringBootDocker_DockerDemo] INFO  o.eclipse.m2e.core.internal.Bundles - 	Entry: D:\sts-4.23.1.RELEASE\plugins\org.eclipse.m2e.maven.runtime_3.9.700.20240602-2313\jars\guice-5.1.0.jar
2024-12-07 20:53:10,182 [Worker-3: Launching Executing install in C__Users_RAHUL_Desktop_Rahul_SpringBootDocker_DockerDemo] INFO  o.eclipse.m2e.core.internal.Bundles - 	Entry: D:\sts-4.23.1.RELEASE\plugins\org.eclipse.m2e.maven.runtime_3.9.700.20240602-2313\jars\httpclient-4.5.14.jar
2024-12-07 20:53:10,183 [Worker-3: Launching Executing install in C__Users_RAHUL_Desktop_Rahul_SpringBootDocker_DockerDemo] INFO  o.eclipse.m2e.core.internal.Bundles - 	Entry: D:\sts-4.23.1.RELEASE\plugins\org.eclipse.m2e.maven.runtime_3.9.700.20240602-2313\jars\httpcore-4.4.16.jar
2024-12-07 20:53:10,183 [Worker-3: Launching Executing install in C__Users_RAHUL_Desktop_Rahul_SpringBootDocker_DockerDemo] INFO  o.eclipse.m2e.core.internal.Bundles - 	Entry: D:\sts-4.23.1.RELEASE\plugins\org.eclipse.m2e.maven.runtime_3.9.700.20240602-2313\jars\jansi-2.4.1.jar
2024-12-07 20:53:10,184 [Worker-3: Launching Executing install in C__Users_RAHUL_Desktop_Rahul_SpringBootDocker_DockerDemo] INFO  o.eclipse.m2e.core.internal.Bundles - 	Entry: D:\sts-4.23.1.RELEASE\plugins\org.eclipse.m2e.maven.runtime_3.9.700.20240602-2313\jars\jcl-over-slf4j-1.7.36.jar
2024-12-07 20:53:10,185 [Worker-3: Launching Executing install in C__Users_RAHUL_Desktop_Rahul_SpringBootDocker_DockerDemo] INFO  o.eclipse.m2e.core.internal.Bundles - 	Entry: D:\sts-4.23.1.RELEASE\plugins\org.eclipse.m2e.maven.runtime_3.9.700.20240602-2313\jars\maven-artifact-3.9.7.jar
2024-12-07 20:53:10,186 [Worker-3: Launching Executing install in C__Users_RAHUL_Desktop_Rahul_SpringBootDocker_DockerDemo] INFO  o.eclipse.m2e.core.internal.Bundles - 	Entry: D:\sts-4.23.1.RELEASE\plugins\org.eclipse.m2e.maven.runtime_3.9.700.20240602-2313\jars\maven-builder-support-3.9.7.jar
2024-12-07 20:53:10,186 [Worker-3: Launching Executing install in C__Users_RAHUL_Desktop_Rahul_SpringBootDocker_DockerDemo] INFO  o.eclipse.m2e.core.internal.Bundles - 	Entry: D:\sts-4.23.1.RELEASE\plugins\org.eclipse.m2e.maven.runtime_3.9.700.20240602-2313\jars\maven-compat-3.9.7.jar
2024-12-07 20:53:10,188 [Worker-3: Launching Executing install in C__Users_RAHUL_Desktop_Rahul_SpringBootDocker_DockerDemo] INFO  o.eclipse.m2e.core.internal.Bundles - 	Entry: D:\sts-4.23.1.RELEASE\plugins\org.eclipse.m2e.maven.runtime_3.9.700.20240602-2313\jars\maven-core-3.9.7.jar
2024-12-07 20:53:10,189 [Worker-3: Launching Executing install in C__Users_RAHUL_Desktop_Rahul_SpringBootDocker_DockerDemo] INFO  o.eclipse.m2e.core.internal.Bundles - 	Entry: D:\sts-4.23.1.RELEASE\plugins\org.eclipse.m2e.maven.runtime_3.9.700.20240602-2313\jars\maven-embedder-3.9.7.jar
2024-12-07 20:53:10,190 [Worker-3: Launching Executing install in C__Users_RAHUL_Desktop_Rahul_SpringBootDocker_DockerDemo] INFO  o.eclipse.m2e.core.internal.Bundles - 	Entry: D:\sts-4.23.1.RELEASE\plugins\org.eclipse.m2e.maven.runtime_3.9.700.20240602-2313\jars\maven-model-3.9.7.jar
2024-12-07 20:53:10,190 [Worker-3: Launching Executing install in C__Users_RAHUL_Desktop_Rahul_SpringBootDocker_DockerDemo] INFO  o.eclipse.m2e.core.internal.Bundles - 	Entry: D:\sts-4.23.1.RELEASE\plugins\org.eclipse.m2e.maven.runtime_3.9.700.20240602-2313\jars\maven-model-builder-3.9.7.jar
2024-12-07 20:53:10,191 [Worker-3: Launching Executing install in C__Users_RAHUL_Desktop_Rahul_SpringBootDocker_DockerDemo] INFO  o.eclipse.m2e.core.internal.Bundles - 	Entry: D:\sts-4.23.1.RELEASE\plugins\org.eclipse.m2e.maven.runtime_3.9.700.20240602-2313\jars\maven-plugin-api-3.9.7.jar
2024-12-07 20:53:10,191 [Worker-3: Launching Executing install in C__Users_RAHUL_Desktop_Rahul_SpringBootDocker_DockerDemo] INFO  o.eclipse.m2e.core.internal.Bundles - 	Entry: D:\sts-4.23.1.RELEASE\plugins\org.eclipse.m2e.maven.runtime_3.9.700.20240602-2313\jars\maven-repository-metadata-3.9.7.jar
2024-12-07 20:53:10,192 [Worker-3: Launching Executing install in C__Users_RAHUL_Desktop_Rahul_SpringBootDocker_DockerDemo] INFO  o.eclipse.m2e.core.internal.Bundles - 	Entry: D:\sts-4.23.1.RELEASE\plugins\org.eclipse.m2e.maven.runtime_3.9.700.20240602-2313\jars\maven-resolver-api-1.9.20.jar
2024-12-07 20:53:10,192 [Worker-3: Launching Executing install in C__Users_RAHUL_Desktop_Rahul_SpringBootDocker_DockerDemo] INFO  o.eclipse.m2e.core.internal.Bundles - 	Entry: D:\sts-4.23.1.RELEASE\plugins\org.eclipse.m2e.maven.runtime_3.9.700.20240602-2313\jars\maven-resolver-connector-basic-1.9.20.jar
2024-12-07 20:53:10,193 [Worker-3: Launching Executing install in C__Users_RAHUL_Desktop_Rahul_SpringBootDocker_DockerDemo] INFO  o.eclipse.m2e.core.internal.Bundles - 	Entry: D:\sts-4.23.1.RELEASE\plugins\org.eclipse.m2e.maven.runtime_3.9.700.20240602-2313\jars\maven-resolver-impl-1.9.20.jar
2024-12-07 20:53:10,194 [Worker-3: Launching Executing install in C__Users_RAHUL_Desktop_Rahul_SpringBootDocker_DockerDemo] INFO  o.eclipse.m2e.core.internal.Bundles - 	Entry: D:\sts-4.23.1.RELEASE\plugins\org.eclipse.m2e.maven.runtime_3.9.700.20240602-2313\jars\maven-resolver-named-locks-1.9.20.jar
2024-12-07 20:53:10,194 [Worker-3: Launching Executing install in C__Users_RAHUL_Desktop_Rahul_SpringBootDocker_DockerDemo] INFO  o.eclipse.m2e.core.internal.Bundles - 	Entry: D:\sts-4.23.1.RELEASE\plugins\org.eclipse.m2e.maven.runtime_3.9.700.20240602-2313\jars\maven-resolver-provider-3.9.7.jar
2024-12-07 20:53:10,195 [Worker-3: Launching Executing install in C__Users_RAHUL_Desktop_Rahul_SpringBootDocker_DockerDemo] INFO  o.eclipse.m2e.core.internal.Bundles - 	Entry: D:\sts-4.23.1.RELEASE\plugins\org.eclipse.m2e.maven.runtime_3.9.700.20240602-2313\jars\maven-resolver-spi-1.9.20.jar
2024-12-07 20:53:10,195 [Worker-3: Launching Executing install in C__Users_RAHUL_Desktop_Rahul_SpringBootDocker_DockerDemo] INFO  o.eclipse.m2e.core.internal.Bundles - 	Entry: D:\sts-4.23.1.RELEASE\plugins\org.eclipse.m2e.maven.runtime_3.9.700.20240602-2313\jars\maven-resolver-transport-file-1.9.20.jar
2024-12-07 20:53:10,197 [Worker-3: Launching Executing install in C__Users_RAHUL_Desktop_Rahul_SpringBootDocker_DockerDemo] INFO  o.eclipse.m2e.core.internal.Bundles - 	Entry: D:\sts-4.23.1.RELEASE\plugins\org.eclipse.m2e.maven.runtime_3.9.700.20240602-2313\jars\maven-resolver-transport-http-1.9.20.jar
2024-12-07 20:53:10,198 [Worker-3: Launching Executing install in C__Users_RAHUL_Desktop_Rahul_SpringBootDocker_DockerDemo] INFO  o.eclipse.m2e.core.internal.Bundles - 	Entry: D:\sts-4.23.1.RELEASE\plugins\org.eclipse.m2e.maven.runtime_3.9.700.20240602-2313\jars\maven-resolver-transport-wagon-1.9.20.jar
2024-12-07 20:53:10,198 [Worker-3: Launching Executing install in C__Users_RAHUL_Desktop_Rahul_SpringBootDocker_DockerDemo] INFO  o.eclipse.m2e.core.internal.Bundles - 	Entry: D:\sts-4.23.1.RELEASE\plugins\org.eclipse.m2e.maven.runtime_3.9.700.20240602-2313\jars\maven-resolver-util-1.9.20.jar
2024-12-07 20:53:10,199 [Worker-3: Launching Executing install in C__Users_RAHUL_Desktop_Rahul_SpringBootDocker_DockerDemo] INFO  o.eclipse.m2e.core.internal.Bundles - 	Entry: D:\sts-4.23.1.RELEASE\plugins\org.eclipse.m2e.maven.runtime_3.9.700.20240602-2313\jars\maven-settings-3.9.7.jar
2024-12-07 20:53:10,200 [Worker-3: Launching Executing install in C__Users_RAHUL_Desktop_Rahul_SpringBootDocker_DockerDemo] INFO  o.eclipse.m2e.core.internal.Bundles - 	Entry: D:\sts-4.23.1.RELEASE\plugins\org.eclipse.m2e.maven.runtime_3.9.700.20240602-2313\jars\maven-settings-builder-3.9.7.jar
2024-12-07 20:53:10,200 [Worker-3: Launching Executing install in C__Users_RAHUL_Desktop_Rahul_SpringBootDocker_DockerDemo] INFO  o.eclipse.m2e.core.internal.Bundles - 	Entry: D:\sts-4.23.1.RELEASE\plugins\org.eclipse.m2e.maven.runtime_3.9.700.20240602-2313\jars\maven-shared-utils-3.4.2.jar
2024-12-07 20:53:10,201 [Worker-3: Launching Executing install in C__Users_RAHUL_Desktop_Rahul_SpringBootDocker_DockerDemo] INFO  o.eclipse.m2e.core.internal.Bundles - 	Entry: D:\sts-4.23.1.RELEASE\plugins\org.eclipse.m2e.maven.runtime_3.9.700.20240602-2313\jars\org.eclipse.sisu.inject-0.9.0.M2.jar
2024-12-07 20:53:10,202 [Worker-3: Launching Executing install in C__Users_RAHUL_Desktop_Rahul_SpringBootDocker_DockerDemo] INFO  o.eclipse.m2e.core.internal.Bundles - 	Entry: D:\sts-4.23.1.RELEASE\plugins\org.eclipse.m2e.maven.runtime_3.9.700.20240602-2313\jars\org.eclipse.sisu.plexus-0.9.0.M2.jar
2024-12-07 20:53:10,202 [Worker-3: Launching Executing install in C__Users_RAHUL_Desktop_Rahul_SpringBootDocker_DockerDemo] INFO  o.eclipse.m2e.core.internal.Bundles - 	Entry: D:\sts-4.23.1.RELEASE\plugins\org.eclipse.m2e.maven.runtime_3.9.700.20240602-2313\jars\plexus-build-api-0.0.7.jar
2024-12-07 20:53:10,203 [Worker-3: Launching Executing install in C__Users_RAHUL_Desktop_Rahul_SpringBootDocker_DockerDemo] INFO  o.eclipse.m2e.core.internal.Bundles - 	Entry: D:\sts-4.23.1.RELEASE\plugins\org.eclipse.m2e.maven.runtime_3.9.700.20240602-2313\jars\plexus-build-api-1.2.0.jar
2024-12-07 20:53:10,204 [Worker-3: Launching Executing install in C__Users_RAHUL_Desktop_Rahul_SpringBootDocker_DockerDemo] INFO  o.eclipse.m2e.core.internal.Bundles - 	Entry: D:\sts-4.23.1.RELEASE\plugins\org.eclipse.m2e.maven.runtime_3.9.700.20240602-2313\jars\plexus-cipher-2.0.jar
2024-12-07 20:53:10,206 [Worker-3: Launching Executing install in C__Users_RAHUL_Desktop_Rahul_SpringBootDocker_DockerDemo] INFO  o.eclipse.m2e.core.internal.Bundles - 	Entry: D:\sts-4.23.1.RELEASE\plugins\org.eclipse.m2e.maven.runtime_3.9.700.20240602-2313\jars\plexus-classworlds-2.8.0.jar
2024-12-07 20:53:10,207 [Worker-3: Launching Executing install in C__Users_RAHUL_Desktop_Rahul_SpringBootDocker_DockerDemo] INFO  o.eclipse.m2e.core.internal.Bundles - 	Entry: D:\sts-4.23.1.RELEASE\plugins\org.eclipse.m2e.maven.runtime_3.9.700.20240602-2313\jars\plexus-component-annotations-2.1.0.jar
2024-12-07 20:53:10,207 [Worker-3: Launching Executing install in C__Users_RAHUL_Desktop_Rahul_SpringBootDocker_DockerDemo] INFO  o.eclipse.m2e.core.internal.Bundles - 	Entry: D:\sts-4.23.1.RELEASE\plugins\org.eclipse.m2e.maven.runtime_3.9.700.20240602-2313\jars\plexus-interpolation-1.27.jar
2024-12-07 20:53:10,208 [Worker-3: Launching Executing install in C__Users_RAHUL_Desktop_Rahul_SpringBootDocker_DockerDemo] INFO  o.eclipse.m2e.core.internal.Bundles - 	Entry: D:\sts-4.23.1.RELEASE\plugins\org.eclipse.m2e.maven.runtime_3.9.700.20240602-2313\jars\plexus-sec-dispatcher-2.0.jar
2024-12-07 20:53:10,209 [Worker-3: Launching Executing install in C__Users_RAHUL_Desktop_Rahul_SpringBootDocker_DockerDemo] INFO  o.eclipse.m2e.core.internal.Bundles - 	Entry: D:\sts-4.23.1.RELEASE\plugins\org.eclipse.m2e.maven.runtime_3.9.700.20240602-2313\jars\plexus-utils-3.5.1.jar
2024-12-07 20:53:10,210 [Worker-3: Launching Executing install in C__Users_RAHUL_Desktop_Rahul_SpringBootDocker_DockerDemo] INFO  o.eclipse.m2e.core.internal.Bundles - 	Entry: D:\sts-4.23.1.RELEASE\plugins\org.eclipse.m2e.maven.runtime_3.9.700.20240602-2313\jars\wagon-file-3.5.3.jar
2024-12-07 20:53:10,211 [Worker-3: Launching Executing install in C__Users_RAHUL_Desktop_Rahul_SpringBootDocker_DockerDemo] INFO  o.eclipse.m2e.core.internal.Bundles - 	Entry: D:\sts-4.23.1.RELEASE\plugins\org.eclipse.m2e.maven.runtime_3.9.700.20240602-2313\jars\wagon-http-3.5.3.jar
2024-12-07 20:53:10,211 [Worker-3: Launching Executing install in C__Users_RAHUL_Desktop_Rahul_SpringBootDocker_DockerDemo] INFO  o.eclipse.m2e.core.internal.Bundles - 	Entry: D:\sts-4.23.1.RELEASE\plugins\org.eclipse.m2e.maven.runtime_3.9.700.20240602-2313\jars\wagon-http-shared-3.5.3.jar
2024-12-07 20:53:10,212 [Worker-3: Launching Executing install in C__Users_RAHUL_Desktop_Rahul_SpringBootDocker_DockerDemo] INFO  o.eclipse.m2e.core.internal.Bundles - 	Entry: D:\sts-4.23.1.RELEASE\plugins\org.eclipse.m2e.maven.runtime_3.9.700.20240602-2313\jars\wagon-provider-api-3.5.3.jar
2024-12-07 20:53:10,217 [Worker-3: Launching Executing install in C__Users_RAHUL_Desktop_Rahul_SpringBootDocker_DockerDemo] INFO  o.eclipse.m2e.core.internal.Bundles - getClasspathEntries(Bundle=com.google.guava_33.2.0.jre [29])
2024-12-07 20:53:10,218 [Worker-3: Launching Executing install in C__Users_RAHUL_Desktop_Rahul_SpringBootDocker_DockerDemo] INFO  o.eclipse.m2e.core.internal.Bundles - 	Entry: D:\sts-4.23.1.RELEASE\plugins\com.google.guava_33.2.0.jre.jar
2024-12-07 20:53:10,218 [Worker-3: Launching Executing install in C__Users_RAHUL_Desktop_Rahul_SpringBootDocker_DockerDemo] INFO  o.eclipse.m2e.core.internal.Bundles - getClasspathEntries(Bundle=slf4j.api_2.0.13 [592])
2024-12-07 20:53:10,219 [Worker-3: Launching Executing install in C__Users_RAHUL_Desktop_Rahul_SpringBootDocker_DockerDemo] INFO  o.eclipse.m2e.core.internal.Bundles - 	Entry: D:\sts-4.23.1.RELEASE\plugins\slf4j.api_2.0.13.jar
2024-12-07 20:53:10,219 [Worker-3: Launching Executing install in C__Users_RAHUL_Desktop_Rahul_SpringBootDocker_DockerDemo] INFO  o.eclipse.m2e.core.internal.Bundles - getClasspathEntries(Bundle=jakarta.inject.jakarta.inject-api_1.0.5 [44])
2024-12-07 20:53:10,220 [Worker-3: Launching Executing install in C__Users_RAHUL_Desktop_Rahul_SpringBootDocker_DockerDemo] INFO  o.eclipse.m2e.core.internal.Bundles - 	Entry: D:\sts-4.23.1.RELEASE\plugins\jakarta.inject.jakarta.inject-api_1.0.5.jar
2024-12-07 20:53:10,220 [Worker-3: Launching Executing install in C__Users_RAHUL_Desktop_Rahul_SpringBootDocker_DockerDemo] INFO  o.eclipse.m2e.core.internal.Bundles - getClasspathEntries(Bundle=javax.annotation_1.3.5.v20200909-1856 [53])
2024-12-07 20:53:10,221 [Worker-3: Launching Executing install in C__Users_RAHUL_Desktop_Rahul_SpringBootDocker_DockerDemo] INFO  o.eclipse.m2e.core.internal.Bundles - 	Entry: D:\sts-4.23.1.RELEASE\plugins\javax.annotation_1.3.5.v20200909-1856.jar
2024-12-07 20:53:10,222 [Worker-3: Launching Executing install in C__Users_RAHUL_Desktop_Rahul_SpringBootDocker_DockerDemo] INFO  o.eclipse.m2e.core.internal.Bundles - getClasspathEntries(Bundle=org.apache.commons.cli_1.8.0 [76])
2024-12-07 20:53:10,222 [Worker-3: Launching Executing install in C__Users_RAHUL_Desktop_Rahul_SpringBootDocker_DockerDemo] INFO  o.eclipse.m2e.core.internal.Bundles - 	Entry: D:\sts-4.23.1.RELEASE\plugins\org.apache.commons.cli_1.8.0.jar
2024-12-07 20:53:10,222 [Worker-3: Launching Executing install in C__Users_RAHUL_Desktop_Rahul_SpringBootDocker_DockerDemo] INFO  o.eclipse.m2e.core.internal.Bundles - getClasspathEntries(Bundle=org.apache.commons.commons-codec_1.16.0 [78])
2024-12-07 20:53:10,223 [Worker-3: Launching Executing install in C__Users_RAHUL_Desktop_Rahul_SpringBootDocker_DockerDemo] INFO  o.eclipse.m2e.core.internal.Bundles - 	Entry: D:\sts-4.23.1.RELEASE\plugins\org.apache.commons.commons-codec_1.16.0.jar
2024-12-07 20:53:10,223 [Worker-3: Launching Executing install in C__Users_RAHUL_Desktop_Rahul_SpringBootDocker_DockerDemo] INFO  o.eclipse.m2e.core.internal.Bundles - getClasspathEntries(Bundle=org.apache.commons.lang3_3.14.0 [82])
2024-12-07 20:53:10,224 [Worker-3: Launching Executing install in C__Users_RAHUL_Desktop_Rahul_SpringBootDocker_DockerDemo] INFO  o.eclipse.m2e.core.internal.Bundles - 	Entry: D:\sts-4.23.1.RELEASE\plugins\org.apache.commons.lang3_3.14.0.jar
2024-12-07 20:53:10,224 [Worker-3: Launching Executing install in C__Users_RAHUL_Desktop_Rahul_SpringBootDocker_DockerDemo] INFO  o.eclipse.m2e.core.internal.Bundles - getClasspathEntries(Bundle=com.google.guava.failureaccess_1.0.2 [30])
2024-12-07 20:53:10,224 [Worker-3: Launching Executing install in C__Users_RAHUL_Desktop_Rahul_SpringBootDocker_DockerDemo] INFO  o.eclipse.m2e.core.internal.Bundles - 	Entry: D:\sts-4.23.1.RELEASE\plugins\com.google.guava.failureaccess_1.0.2.jar
2024-12-07 20:53:10,231 [Worker-3: Launching Executing install in C__Users_RAHUL_Desktop_Rahul_SpringBootDocker_DockerDemo] INFO  o.e.m.i.launch.MavenLaunchDelegate - Run build in "C:\Users\RAHUL\Desktop\Rahul\SpringBootDocker\DockerDemo":
2024-12-07 20:53:10,233 [Worker-3: Launching Executing install in C__Users_RAHUL_Desktop_Rahul_SpringBootDocker_DockerDemo] INFO  o.e.m.i.launch.MavenLaunchDelegate -  mvn  -Ppom.xml -B -Dstyle.color=always install
2024-12-07 20:53:51,227 [Worker-2: Building] INFO  o.a.m.s.f.DefaultMavenResourcesFiltering - Copying 1 resource from src\main\resources to target\classes
2024-12-07 20:53:51,231 [Worker-2: Building] INFO  o.a.m.s.f.DefaultMavenResourcesFiltering - Copying 0 resource from src\main\resources to target\classes
2024-12-07 20:53:51,239 [Worker-2: Building] INFO  o.a.m.s.f.DefaultMavenResourcesFiltering - skip non existing resourceDirectory C:\Users\RAHUL\Desktop\Rahul\SpringBootDocker\DockerDemo\src\test\resources
2024-12-07 20:54:15,387 [Worker-2: Building] INFO  o.a.m.s.f.DefaultMavenResourcesFiltering - Copying 1 resource from src\main\resources to target\classes
2024-12-07 20:54:15,399 [Worker-2: Building] INFO  o.a.m.s.f.DefaultMavenResourcesFiltering - Copying 0 resource from src\main\resources to target\classes
2024-12-07 20:54:15,410 [Worker-2: Building] INFO  o.a.m.s.f.DefaultMavenResourcesFiltering - skip non existing resourceDirectory C:\Users\RAHUL\Desktop\Rahul\SpringBootDocker\DockerDemo\src\test\resources
2024-12-07 20:55:03,691 [Worker-8: Building] INFO  o.e.m.c.i.l.LifecycleMappingFactory - Using org.eclipse.m2e.jdt.JarLifecycleMapping lifecycle mapping for MavenProject: com.example:DockerDemo:0.0.1-SNAPSHOT @ C:\Users\RAHUL\Desktop\Rahul\SpringBootDocker\DockerDemo\pom.xml.
2024-12-07 20:55:05,624 [Worker-8: Building] INFO  o.a.m.s.f.DefaultMavenResourcesFiltering - Copying 0 resource from src\main\resources to target\classes
2024-12-07 20:55:05,629 [Worker-8: Building] INFO  o.a.m.s.f.DefaultMavenResourcesFiltering - Copying 0 resource from src\main\resources to target\classes
2024-12-07 20:55:05,641 [Worker-8: Building] INFO  o.a.m.s.f.DefaultMavenResourcesFiltering - skip non existing resourceDirectory C:\Users\RAHUL\Desktop\Rahul\SpringBootDocker\DockerDemo\src\test\resources
2024-12-07 20:55:08,942 [Worker-3: Launching Executing install in C__Users_RAHUL_Desktop_Rahul_SpringBootDocker_DockerDemo] INFO  o.eclipse.m2e.core.internal.Bundles - getClasspathEntries(Bundle=org.eclipse.m2e.maven.runtime_3.9.700.20240602-2313 [359])
2024-12-07 20:55:08,943 [Worker-3: Launching Executing install in C__Users_RAHUL_Desktop_Rahul_SpringBootDocker_DockerDemo] INFO  o.eclipse.m2e.core.internal.Bundles - 	Entry: D:\sts-4.23.1.RELEASE\plugins\org.eclipse.m2e.maven.runtime_3.9.700.20240602-2313
2024-12-07 20:55:08,944 [Worker-3: Launching Executing install in C__Users_RAHUL_Desktop_Rahul_SpringBootDocker_DockerDemo] INFO  o.eclipse.m2e.core.internal.Bundles - 	Entry: D:\sts-4.23.1.RELEASE\plugins\org.eclipse.m2e.maven.runtime_3.9.700.20240602-2313\jars\aopalliance-1.0.jar
2024-12-07 20:55:08,945 [Worker-3: Launching Executing install in C__Users_RAHUL_Desktop_Rahul_SpringBootDocker_DockerDemo] INFO  o.eclipse.m2e.core.internal.Bundles - 	Entry: D:\sts-4.23.1.RELEASE\plugins\org.eclipse.m2e.maven.runtime_3.9.700.20240602-2313\jars\guice-5.1.0.jar
2024-12-07 20:55:08,945 [Worker-3: Launching Executing install in C__Users_RAHUL_Desktop_Rahul_SpringBootDocker_DockerDemo] INFO  o.eclipse.m2e.core.internal.Bundles - 	Entry: D:\sts-4.23.1.RELEASE\plugins\org.eclipse.m2e.maven.runtime_3.9.700.20240602-2313\jars\httpclient-4.5.14.jar
2024-12-07 20:55:08,946 [Worker-3: Launching Executing install in C__Users_RAHUL_Desktop_Rahul_SpringBootDocker_DockerDemo] INFO  o.eclipse.m2e.core.internal.Bundles - 	Entry: D:\sts-4.23.1.RELEASE\plugins\org.eclipse.m2e.maven.runtime_3.9.700.20240602-2313\jars\httpcore-4.4.16.jar
2024-12-07 20:55:08,947 [Worker-3: Launching Executing install in C__Users_RAHUL_Desktop_Rahul_SpringBootDocker_DockerDemo] INFO  o.eclipse.m2e.core.internal.Bundles - 	Entry: D:\sts-4.23.1.RELEASE\plugins\org.eclipse.m2e.maven.runtime_3.9.700.20240602-2313\jars\jansi-2.4.1.jar
2024-12-07 20:55:08,948 [Worker-3: Launching Executing install in C__Users_RAHUL_Desktop_Rahul_SpringBootDocker_DockerDemo] INFO  o.eclipse.m2e.core.internal.Bundles - 	Entry: D:\sts-4.23.1.RELEASE\plugins\org.eclipse.m2e.maven.runtime_3.9.700.20240602-2313\jars\jcl-over-slf4j-1.7.36.jar
2024-12-07 20:55:08,948 [Worker-3: Launching Executing install in C__Users_RAHUL_Desktop_Rahul_SpringBootDocker_DockerDemo] INFO  o.eclipse.m2e.core.internal.Bundles - 	Entry: D:\sts-4.23.1.RELEASE\plugins\org.eclipse.m2e.maven.runtime_3.9.700.20240602-2313\jars\maven-artifact-3.9.7.jar
2024-12-07 20:55:08,949 [Worker-3: Launching Executing install in C__Users_RAHUL_Desktop_Rahul_SpringBootDocker_DockerDemo] INFO  o.eclipse.m2e.core.internal.Bundles - 	Entry: D:\sts-4.23.1.RELEASE\plugins\org.eclipse.m2e.maven.runtime_3.9.700.20240602-2313\jars\maven-builder-support-3.9.7.jar
2024-12-07 20:55:08,950 [Worker-3: Launching Executing install in C__Users_RAHUL_Desktop_Rahul_SpringBootDocker_DockerDemo] INFO  o.eclipse.m2e.core.internal.Bundles - 	Entry: D:\sts-4.23.1.RELEASE\plugins\org.eclipse.m2e.maven.runtime_3.9.700.20240602-2313\jars\maven-compat-3.9.7.jar
2024-12-07 20:55:08,950 [Worker-3: Launching Executing install in C__Users_RAHUL_Desktop_Rahul_SpringBootDocker_DockerDemo] INFO  o.eclipse.m2e.core.internal.Bundles - 	Entry: D:\sts-4.23.1.RELEASE\plugins\org.eclipse.m2e.maven.runtime_3.9.700.20240602-2313\jars\maven-core-3.9.7.jar
2024-12-07 20:55:08,951 [Worker-3: Launching Executing install in C__Users_RAHUL_Desktop_Rahul_SpringBootDocker_DockerDemo] INFO  o.eclipse.m2e.core.internal.Bundles - 	Entry: D:\sts-4.23.1.RELEASE\plugins\org.eclipse.m2e.maven.runtime_3.9.700.20240602-2313\jars\maven-embedder-3.9.7.jar
2024-12-07 20:55:08,952 [Worker-3: Launching Executing install in C__Users_RAHUL_Desktop_Rahul_SpringBootDocker_DockerDemo] INFO  o.eclipse.m2e.core.internal.Bundles - 	Entry: D:\sts-4.23.1.RELEASE\plugins\org.eclipse.m2e.maven.runtime_3.9.700.20240602-2313\jars\maven-model-3.9.7.jar
2024-12-07 20:55:08,953 [Worker-3: Launching Executing install in C__Users_RAHUL_Desktop_Rahul_SpringBootDocker_DockerDemo] INFO  o.eclipse.m2e.core.internal.Bundles - 	Entry: D:\sts-4.23.1.RELEASE\plugins\org.eclipse.m2e.maven.runtime_3.9.700.20240602-2313\jars\maven-model-builder-3.9.7.jar
2024-12-07 20:55:08,954 [Worker-3: Launching Executing install in C__Users_RAHUL_Desktop_Rahul_SpringBootDocker_DockerDemo] INFO  o.eclipse.m2e.core.internal.Bundles - 	Entry: D:\sts-4.23.1.RELEASE\plugins\org.eclipse.m2e.maven.runtime_3.9.700.20240602-2313\jars\maven-plugin-api-3.9.7.jar
2024-12-07 20:55:08,955 [Worker-3: Launching Executing install in C__Users_RAHUL_Desktop_Rahul_SpringBootDocker_DockerDemo] INFO  o.eclipse.m2e.core.internal.Bundles - 	Entry: D:\sts-4.23.1.RELEASE\plugins\org.eclipse.m2e.maven.runtime_3.9.700.20240602-2313\jars\maven-repository-metadata-3.9.7.jar
2024-12-07 20:55:08,956 [Worker-3: Launching Executing install in C__Users_RAHUL_Desktop_Rahul_SpringBootDocker_DockerDemo] INFO  o.eclipse.m2e.core.internal.Bundles - 	Entry: D:\sts-4.23.1.RELEASE\plugins\org.eclipse.m2e.maven.runtime_3.9.700.20240602-2313\jars\maven-resolver-api-1.9.20.jar
2024-12-07 20:55:08,956 [Worker-3: Launching Executing install in C__Users_RAHUL_Desktop_Rahul_SpringBootDocker_DockerDemo] INFO  o.eclipse.m2e.core.internal.Bundles - 	Entry: D:\sts-4.23.1.RELEASE\plugins\org.eclipse.m2e.maven.runtime_3.9.700.20240602-2313\jars\maven-resolver-connector-basic-1.9.20.jar
2024-12-07 20:55:08,957 [Worker-3: Launching Executing install in C__Users_RAHUL_Desktop_Rahul_SpringBootDocker_DockerDemo] INFO  o.eclipse.m2e.core.internal.Bundles - 	Entry: D:\sts-4.23.1.RELEASE\plugins\org.eclipse.m2e.maven.runtime_3.9.700.20240602-2313\jars\maven-resolver-impl-1.9.20.jar
2024-12-07 20:55:08,958 [Worker-3: Launching Executing install in C__Users_RAHUL_Desktop_Rahul_SpringBootDocker_DockerDemo] INFO  o.eclipse.m2e.core.internal.Bundles - 	Entry: D:\sts-4.23.1.RELEASE\plugins\org.eclipse.m2e.maven.runtime_3.9.700.20240602-2313\jars\maven-resolver-named-locks-1.9.20.jar
2024-12-07 20:55:08,958 [Worker-3: Launching Executing install in C__Users_RAHUL_Desktop_Rahul_SpringBootDocker_DockerDemo] INFO  o.eclipse.m2e.core.internal.Bundles - 	Entry: D:\sts-4.23.1.RELEASE\plugins\org.eclipse.m2e.maven.runtime_3.9.700.20240602-2313\jars\maven-resolver-provider-3.9.7.jar
2024-12-07 20:55:08,959 [Worker-3: Launching Executing install in C__Users_RAHUL_Desktop_Rahul_SpringBootDocker_DockerDemo] INFO  o.eclipse.m2e.core.internal.Bundles - 	Entry: D:\sts-4.23.1.RELEASE\plugins\org.eclipse.m2e.maven.runtime_3.9.700.20240602-2313\jars\maven-resolver-spi-1.9.20.jar
2024-12-07 20:55:08,960 [Worker-3: Launching Executing install in C__Users_RAHUL_Desktop_Rahul_SpringBootDocker_DockerDemo] INFO  o.eclipse.m2e.core.internal.Bundles - 	Entry: D:\sts-4.23.1.RELEASE\plugins\org.eclipse.m2e.maven.runtime_3.9.700.20240602-2313\jars\maven-resolver-transport-file-1.9.20.jar
2024-12-07 20:55:08,960 [Worker-3: Launching Executing install in C__Users_RAHUL_Desktop_Rahul_SpringBootDocker_DockerDemo] INFO  o.eclipse.m2e.core.internal.Bundles - 	Entry: D:\sts-4.23.1.RELEASE\plugins\org.eclipse.m2e.maven.runtime_3.9.700.20240602-2313\jars\maven-resolver-transport-http-1.9.20.jar
2024-12-07 20:55:08,961 [Worker-3: Launching Executing install in C__Users_RAHUL_Desktop_Rahul_SpringBootDocker_DockerDemo] INFO  o.eclipse.m2e.core.internal.Bundles - 	Entry: D:\sts-4.23.1.RELEASE\plugins\org.eclipse.m2e.maven.runtime_3.9.700.20240602-2313\jars\maven-resolver-transport-wagon-1.9.20.jar
2024-12-07 20:55:08,961 [Worker-3: Launching Executing install in C__Users_RAHUL_Desktop_Rahul_SpringBootDocker_DockerDemo] INFO  o.eclipse.m2e.core.internal.Bundles - 	Entry: D:\sts-4.23.1.RELEASE\plugins\org.eclipse.m2e.maven.runtime_3.9.700.20240602-2313\jars\maven-resolver-util-1.9.20.jar
2024-12-07 20:55:08,962 [Worker-3: Launching Executing install in C__Users_RAHUL_Desktop_Rahul_SpringBootDocker_DockerDemo] INFO  o.eclipse.m2e.core.internal.Bundles - 	Entry: D:\sts-4.23.1.RELEASE\plugins\org.eclipse.m2e.maven.runtime_3.9.700.20240602-2313\jars\maven-settings-3.9.7.jar
2024-12-07 20:55:08,962 [Worker-3: Launching Executing install in C__Users_RAHUL_Desktop_Rahul_SpringBootDocker_DockerDemo] INFO  o.eclipse.m2e.core.internal.Bundles - 	Entry: D:\sts-4.23.1.RELEASE\plugins\org.eclipse.m2e.maven.runtime_3.9.700.20240602-2313\jars\maven-settings-builder-3.9.7.jar
2024-12-07 20:55:08,963 [Worker-3: Launching Executing install in C__Users_RAHUL_Desktop_Rahul_SpringBootDocker_DockerDemo] INFO  o.eclipse.m2e.core.internal.Bundles - 	Entry: D:\sts-4.23.1.RELEASE\plugins\org.eclipse.m2e.maven.runtime_3.9.700.20240602-2313\jars\maven-shared-utils-3.4.2.jar
2024-12-07 20:55:08,963 [Worker-3: Launching Executing install in C__Users_RAHUL_Desktop_Rahul_SpringBootDocker_DockerDemo] INFO  o.eclipse.m2e.core.internal.Bundles - 	Entry: D:\sts-4.23.1.RELEASE\plugins\org.eclipse.m2e.maven.runtime_3.9.700.20240602-2313\jars\org.eclipse.sisu.inject-0.9.0.M2.jar
2024-12-07 20:55:08,964 [Worker-3: Launching Executing install in C__Users_RAHUL_Desktop_Rahul_SpringBootDocker_DockerDemo] INFO  o.eclipse.m2e.core.internal.Bundles - 	Entry: D:\sts-4.23.1.RELEASE\plugins\org.eclipse.m2e.maven.runtime_3.9.700.20240602-2313\jars\org.eclipse.sisu.plexus-0.9.0.M2.jar
2024-12-07 20:55:08,965 [Worker-3: Launching Executing install in C__Users_RAHUL_Desktop_Rahul_SpringBootDocker_DockerDemo] INFO  o.eclipse.m2e.core.internal.Bundles - 	Entry: D:\sts-4.23.1.RELEASE\plugins\org.eclipse.m2e.maven.runtime_3.9.700.20240602-2313\jars\plexus-build-api-0.0.7.jar
2024-12-07 20:55:08,965 [Worker-3: Launching Executing install in C__Users_RAHUL_Desktop_Rahul_SpringBootDocker_DockerDemo] INFO  o.eclipse.m2e.core.internal.Bundles - 	Entry: D:\sts-4.23.1.RELEASE\plugins\org.eclipse.m2e.maven.runtime_3.9.700.20240602-2313\jars\plexus-build-api-1.2.0.jar
2024-12-07 20:55:08,966 [Worker-3: Launching Executing install in C__Users_RAHUL_Desktop_Rahul_SpringBootDocker_DockerDemo] INFO  o.eclipse.m2e.core.internal.Bundles - 	Entry: D:\sts-4.23.1.RELEASE\plugins\org.eclipse.m2e.maven.runtime_3.9.700.20240602-2313\jars\plexus-cipher-2.0.jar
2024-12-07 20:55:08,966 [Worker-3: Launching Executing install in C__Users_RAHUL_Desktop_Rahul_SpringBootDocker_DockerDemo] INFO  o.eclipse.m2e.core.internal.Bundles - 	Entry: D:\sts-4.23.1.RELEASE\plugins\org.eclipse.m2e.maven.runtime_3.9.700.20240602-2313\jars\plexus-classworlds-2.8.0.jar
2024-12-07 20:55:08,967 [Worker-3: Launching Executing install in C__Users_RAHUL_Desktop_Rahul_SpringBootDocker_DockerDemo] INFO  o.eclipse.m2e.core.internal.Bundles - 	Entry: D:\sts-4.23.1.RELEASE\plugins\org.eclipse.m2e.maven.runtime_3.9.700.20240602-2313\jars\plexus-component-annotations-2.1.0.jar
2024-12-07 20:55:08,967 [Worker-3: Launching Executing install in C__Users_RAHUL_Desktop_Rahul_SpringBootDocker_DockerDemo] INFO  o.eclipse.m2e.core.internal.Bundles - 	Entry: D:\sts-4.23.1.RELEASE\plugins\org.eclipse.m2e.maven.runtime_3.9.700.20240602-2313\jars\plexus-interpolation-1.27.jar
2024-12-07 20:55:08,968 [Worker-3: Launching Executing install in C__Users_RAHUL_Desktop_Rahul_SpringBootDocker_DockerDemo] INFO  o.eclipse.m2e.core.internal.Bundles - 	Entry: D:\sts-4.23.1.RELEASE\plugins\org.eclipse.m2e.maven.runtime_3.9.700.20240602-2313\jars\plexus-sec-dispatcher-2.0.jar
2024-12-07 20:55:08,968 [Worker-3: Launching Executing install in C__Users_RAHUL_Desktop_Rahul_SpringBootDocker_DockerDemo] INFO  o.eclipse.m2e.core.internal.Bundles - 	Entry: D:\sts-4.23.1.RELEASE\plugins\org.eclipse.m2e.maven.runtime_3.9.700.20240602-2313\jars\plexus-utils-3.5.1.jar
2024-12-07 20:55:08,969 [Worker-3: Launching Executing install in C__Users_RAHUL_Desktop_Rahul_SpringBootDocker_DockerDemo] INFO  o.eclipse.m2e.core.internal.Bundles - 	Entry: D:\sts-4.23.1.RELEASE\plugins\org.eclipse.m2e.maven.runtime_3.9.700.20240602-2313\jars\wagon-file-3.5.3.jar
2024-12-07 20:55:08,969 [Worker-3: Launching Executing install in C__Users_RAHUL_Desktop_Rahul_SpringBootDocker_DockerDemo] INFO  o.eclipse.m2e.core.internal.Bundles - 	Entry: D:\sts-4.23.1.RELEASE\plugins\org.eclipse.m2e.maven.runtime_3.9.700.20240602-2313\jars\wagon-http-3.5.3.jar
2024-12-07 20:55:08,970 [Worker-3: Launching Executing install in C__Users_RAHUL_Desktop_Rahul_SpringBootDocker_DockerDemo] INFO  o.eclipse.m2e.core.internal.Bundles - 	Entry: D:\sts-4.23.1.RELEASE\plugins\org.eclipse.m2e.maven.runtime_3.9.700.20240602-2313\jars\wagon-http-shared-3.5.3.jar
2024-12-07 20:55:08,970 [Worker-3: Launching Executing install in C__Users_RAHUL_Desktop_Rahul_SpringBootDocker_DockerDemo] INFO  o.eclipse.m2e.core.internal.Bundles - 	Entry: D:\sts-4.23.1.RELEASE\plugins\org.eclipse.m2e.maven.runtime_3.9.700.20240602-2313\jars\wagon-provider-api-3.5.3.jar
2024-12-07 20:55:08,971 [Worker-3: Launching Executing install in C__Users_RAHUL_Desktop_Rahul_SpringBootDocker_DockerDemo] INFO  o.eclipse.m2e.core.internal.Bundles - getClasspathEntries(Bundle=com.google.guava_33.2.0.jre [29])
2024-12-07 20:55:08,972 [Worker-3: Launching Executing install in C__Users_RAHUL_Desktop_Rahul_SpringBootDocker_DockerDemo] INFO  o.eclipse.m2e.core.internal.Bundles - 	Entry: D:\sts-4.23.1.RELEASE\plugins\com.google.guava_33.2.0.jre.jar
2024-12-07 20:55:08,972 [Worker-3: Launching Executing install in C__Users_RAHUL_Desktop_Rahul_SpringBootDocker_DockerDemo] INFO  o.eclipse.m2e.core.internal.Bundles - getClasspathEntries(Bundle=slf4j.api_2.0.13 [592])
2024-12-07 20:55:08,972 [Worker-3: Launching Executing install in C__Users_RAHUL_Desktop_Rahul_SpringBootDocker_DockerDemo] INFO  o.eclipse.m2e.core.internal.Bundles - 	Entry: D:\sts-4.23.1.RELEASE\plugins\slf4j.api_2.0.13.jar
2024-12-07 20:55:08,972 [Worker-3: Launching Executing install in C__Users_RAHUL_Desktop_Rahul_SpringBootDocker_DockerDemo] INFO  o.eclipse.m2e.core.internal.Bundles - getClasspathEntries(Bundle=jakarta.inject.jakarta.inject-api_1.0.5 [44])
2024-12-07 20:55:08,973 [Worker-3: Launching Executing install in C__Users_RAHUL_Desktop_Rahul_SpringBootDocker_DockerDemo] INFO  o.eclipse.m2e.core.internal.Bundles - 	Entry: D:\sts-4.23.1.RELEASE\plugins\jakarta.inject.jakarta.inject-api_1.0.5.jar
2024-12-07 20:55:08,973 [Worker-3: Launching Executing install in C__Users_RAHUL_Desktop_Rahul_SpringBootDocker_DockerDemo] INFO  o.eclipse.m2e.core.internal.Bundles - getClasspathEntries(Bundle=javax.annotation_1.3.5.v20200909-1856 [53])
2024-12-07 20:55:08,973 [Worker-3: Launching Executing install in C__Users_RAHUL_Desktop_Rahul_SpringBootDocker_DockerDemo] INFO  o.eclipse.m2e.core.internal.Bundles - 	Entry: D:\sts-4.23.1.RELEASE\plugins\javax.annotation_1.3.5.v20200909-1856.jar
2024-12-07 20:55:08,973 [Worker-3: Launching Executing install in C__Users_RAHUL_Desktop_Rahul_SpringBootDocker_DockerDemo] INFO  o.eclipse.m2e.core.internal.Bundles - getClasspathEntries(Bundle=org.apache.commons.cli_1.8.0 [76])
2024-12-07 20:55:08,974 [Worker-3: Launching Executing install in C__Users_RAHUL_Desktop_Rahul_SpringBootDocker_DockerDemo] INFO  o.eclipse.m2e.core.internal.Bundles - 	Entry: D:\sts-4.23.1.RELEASE\plugins\org.apache.commons.cli_1.8.0.jar
2024-12-07 20:55:08,974 [Worker-3: Launching Executing install in C__Users_RAHUL_Desktop_Rahul_SpringBootDocker_DockerDemo] INFO  o.eclipse.m2e.core.internal.Bundles - getClasspathEntries(Bundle=org.apache.commons.commons-codec_1.16.0 [78])
2024-12-07 20:55:08,975 [Worker-3: Launching Executing install in C__Users_RAHUL_Desktop_Rahul_SpringBootDocker_DockerDemo] INFO  o.eclipse.m2e.core.internal.Bundles - 	Entry: D:\sts-4.23.1.RELEASE\plugins\org.apache.commons.commons-codec_1.16.0.jar
2024-12-07 20:55:08,975 [Worker-3: Launching Executing install in C__Users_RAHUL_Desktop_Rahul_SpringBootDocker_DockerDemo] INFO  o.eclipse.m2e.core.internal.Bundles - getClasspathEntries(Bundle=org.apache.commons.lang3_3.14.0 [82])
2024-12-07 20:55:08,975 [Worker-3: Launching Executing install in C__Users_RAHUL_Desktop_Rahul_SpringBootDocker_DockerDemo] INFO  o.eclipse.m2e.core.internal.Bundles - 	Entry: D:\sts-4.23.1.RELEASE\plugins\org.apache.commons.lang3_3.14.0.jar
2024-12-07 20:55:08,975 [Worker-3: Launching Executing install in C__Users_RAHUL_Desktop_Rahul_SpringBootDocker_DockerDemo] INFO  o.eclipse.m2e.core.internal.Bundles - getClasspathEntries(Bundle=com.google.guava.failureaccess_1.0.2 [30])
2024-12-07 20:55:08,975 [Worker-3: Launching Executing install in C__Users_RAHUL_Desktop_Rahul_SpringBootDocker_DockerDemo] INFO  o.eclipse.m2e.core.internal.Bundles - 	Entry: D:\sts-4.23.1.RELEASE\plugins\com.google.guava.failureaccess_1.0.2.jar
2024-12-07 20:55:08,978 [Worker-3: Launching Executing install in C__Users_RAHUL_Desktop_Rahul_SpringBootDocker_DockerDemo] INFO  o.e.m.i.launch.MavenLaunchDelegate - Run build in "C:\Users\RAHUL\Desktop\Rahul\SpringBootDocker\DockerDemo":
2024-12-07 20:55:08,978 [Worker-3: Launching Executing install in C__Users_RAHUL_Desktop_Rahul_SpringBootDocker_DockerDemo] INFO  o.e.m.i.launch.MavenLaunchDelegate -  mvn  -Ppom.xml -B -Dstyle.color=always install
2024-12-07 20:56:19,498 [Worker-5: Building] INFO  o.a.m.s.f.DefaultMavenResourcesFiltering - Copying 0 resource from src\main\resources to target\classes
2024-12-07 20:56:19,508 [Worker-5: Building] INFO  o.a.m.s.f.DefaultMavenResourcesFiltering - Copying 0 resource from src\main\resources to target\classes
2024-12-07 20:56:19,518 [Worker-5: Building] INFO  o.a.m.s.f.DefaultMavenResourcesFiltering - skip non existing resourceDirectory C:\Users\RAHUL\Desktop\Rahul\SpringBootDocker\DockerDemo\src\test\resources
2024-12-07 20:58:52,633 [Worker-6: Building] INFO  o.a.m.s.f.DefaultMavenResourcesFiltering - Copying 0 resource from src\main\resources to target\classes
2024-12-07 20:58:52,638 [Worker-6: Building] INFO  o.a.m.s.f.DefaultMavenResourcesFiltering - Copying 0 resource from src\main\resources to target\classes
2024-12-07 20:58:52,645 [Worker-6: Building] INFO  o.a.m.s.f.DefaultMavenResourcesFiltering - skip non existing resourceDirectory C:\Users\RAHUL\Desktop\Rahul\SpringBootDocker\DockerDemo\src\test\resources
2024-12-07 21:02:55,080 [Worker-12: Building Workspace] INFO  o.a.m.s.f.DefaultMavenResourcesFiltering - Copying 0 resource from src\main\resources to target\classes
2024-12-07 21:02:55,088 [Worker-12: Building Workspace] INFO  o.a.m.s.f.DefaultMavenResourcesFiltering - Copying 0 resource from src\main\resources to target\classes
2024-12-07 21:02:55,096 [Worker-12: Building Workspace] INFO  o.a.m.s.f.DefaultMavenResourcesFiltering - skip non existing resourceDirectory C:\Users\RAHUL\Desktop\Rahul\SpringBootDocker\DockerDemo\src\test\resources
2024-12-07 21:03:31,197 [Worker-6: Building] INFO  o.a.m.s.f.DefaultMavenResourcesFiltering - Copying 0 resource from src\main\resources to target\classes
2024-12-07 21:03:31,201 [Worker-6: Building] INFO  o.a.m.s.f.DefaultMavenResourcesFiltering - Copying 0 resource from src\main\resources to target\classes
2024-12-07 21:03:31,207 [Worker-6: Building] INFO  o.a.m.s.f.DefaultMavenResourcesFiltering - skip non existing resourceDirectory C:\Users\RAHUL\Desktop\Rahul\SpringBootDocker\DockerDemo\src\test\resources
2024-12-07 21:04:21,076 [Worker-14: Building] INFO  o.a.m.s.f.DefaultMavenResourcesFiltering - Copying 0 resource from src\main\resources to target\classes
2024-12-07 21:04:21,081 [Worker-14: Building] INFO  o.a.m.s.f.DefaultMavenResourcesFiltering - Copying 0 resource from src\main\resources to target\classes
2024-12-07 21:04:21,087 [Worker-14: Building] INFO  o.a.m.s.f.DefaultMavenResourcesFiltering - skip non existing resourceDirectory C:\Users\RAHUL\Desktop\Rahul\SpringBootDocker\DockerDemo\src\test\resources
2024-12-07 21:04:26,667 [Worker-13: Building] INFO  o.a.m.s.f.DefaultMavenResourcesFiltering - Copying 0 resource from src\main\resources to target\classes
2024-12-07 21:04:26,671 [Worker-13: Building] INFO  o.a.m.s.f.DefaultMavenResourcesFiltering - Copying 0 resource from src\main\resources to target\classes
2024-12-07 21:04:26,678 [Worker-13: Building] INFO  o.a.m.s.f.DefaultMavenResourcesFiltering - skip non existing resourceDirectory C:\Users\RAHUL\Desktop\Rahul\SpringBootDocker\DockerDemo\src\test\resources
2024-12-07 21:13:45,453 [Worker-13: Building] INFO  o.e.m.c.i.l.LifecycleMappingFactory - Using org.eclipse.m2e.jdt.JarLifecycleMapping lifecycle mapping for MavenProject: com.example:DockerDemo:0.0.1-SNAPSHOT @ C:\Users\RAHUL\Desktop\Rahul\SpringBootDocker\DockerDemo\pom.xml.
2024-12-07 21:13:47,312 [Worker-13: Building] INFO  o.a.m.s.f.DefaultMavenResourcesFiltering - Copying 0 resource from src\main\resources to target\classes
2024-12-07 21:13:47,316 [Worker-13: Building] INFO  o.a.m.s.f.DefaultMavenResourcesFiltering - Copying 0 resource from src\main\resources to target\classes
2024-12-07 21:13:47,326 [Worker-13: Building] INFO  o.a.m.s.f.DefaultMavenResourcesFiltering - skip non existing resourceDirectory C:\Users\RAHUL\Desktop\Rahul\SpringBootDocker\DockerDemo\src\test\resources
2024-12-07 21:14:23,615 [Worker-15: Launching Executing install in C__Users_RAHUL_Desktop_Rahul_SpringBootDocker_DockerDemo] INFO  o.eclipse.m2e.core.internal.Bundles - getClasspathEntries(Bundle=org.eclipse.m2e.maven.runtime_3.9.700.20240602-2313 [359])
2024-12-07 21:14:23,616 [Worker-15: Launching Executing install in C__Users_RAHUL_Desktop_Rahul_SpringBootDocker_DockerDemo] INFO  o.eclipse.m2e.core.internal.Bundles - 	Entry: D:\sts-4.23.1.RELEASE\plugins\org.eclipse.m2e.maven.runtime_3.9.700.20240602-2313
2024-12-07 21:14:23,617 [Worker-15: Launching Executing install in C__Users_RAHUL_Desktop_Rahul_SpringBootDocker_DockerDemo] INFO  o.eclipse.m2e.core.internal.Bundles - 	Entry: D:\sts-4.23.1.RELEASE\plugins\org.eclipse.m2e.maven.runtime_3.9.700.20240602-2313\jars\aopalliance-1.0.jar
2024-12-07 21:14:23,617 [Worker-15: Launching Executing install in C__Users_RAHUL_Desktop_Rahul_SpringBootDocker_DockerDemo] INFO  o.eclipse.m2e.core.internal.Bundles - 	Entry: D:\sts-4.23.1.RELEASE\plugins\org.eclipse.m2e.maven.runtime_3.9.700.20240602-2313\jars\guice-5.1.0.jar
2024-12-07 21:14:23,618 [Worker-15: Launching Executing install in C__Users_RAHUL_Desktop_Rahul_SpringBootDocker_DockerDemo] INFO  o.eclipse.m2e.core.internal.Bundles - 	Entry: D:\sts-4.23.1.RELEASE\plugins\org.eclipse.m2e.maven.runtime_3.9.700.20240602-2313\jars\httpclient-4.5.14.jar
2024-12-07 21:14:23,619 [Worker-15: Launching Executing install in C__Users_RAHUL_Desktop_Rahul_SpringBootDocker_DockerDemo] INFO  o.eclipse.m2e.core.internal.Bundles - 	Entry: D:\sts-4.23.1.RELEASE\plugins\org.eclipse.m2e.maven.runtime_3.9.700.20240602-2313\jars\httpcore-4.4.16.jar
2024-12-07 21:14:23,619 [Worker-15: Launching Executing install in C__Users_RAHUL_Desktop_Rahul_SpringBootDocker_DockerDemo] INFO  o.eclipse.m2e.core.internal.Bundles - 	Entry: D:\sts-4.23.1.RELEASE\plugins\org.eclipse.m2e.maven.runtime_3.9.700.20240602-2313\jars\jansi-2.4.1.jar
2024-12-07 21:14:23,620 [Worker-15: Launching Executing install in C__Users_RAHUL_Desktop_Rahul_SpringBootDocker_DockerDemo] INFO  o.eclipse.m2e.core.internal.Bundles - 	Entry: D:\sts-4.23.1.RELEASE\plugins\org.eclipse.m2e.maven.runtime_3.9.700.20240602-2313\jars\jcl-over-slf4j-1.7.36.jar
2024-12-07 21:14:23,620 [Worker-15: Launching Executing install in C__Users_RAHUL_Desktop_Rahul_SpringBootDocker_DockerDemo] INFO  o.eclipse.m2e.core.internal.Bundles - 	Entry: D:\sts-4.23.1.RELEASE\plugins\org.eclipse.m2e.maven.runtime_3.9.700.20240602-2313\jars\maven-artifact-3.9.7.jar
2024-12-07 21:14:23,620 [Worker-15: Launching Executing install in C__Users_RAHUL_Desktop_Rahul_SpringBootDocker_DockerDemo] INFO  o.eclipse.m2e.core.internal.Bundles - 	Entry: D:\sts-4.23.1.RELEASE\plugins\org.eclipse.m2e.maven.runtime_3.9.700.20240602-2313\jars\maven-builder-support-3.9.7.jar
2024-12-07 21:14:23,621 [Worker-15: Launching Executing install in C__Users_RAHUL_Desktop_Rahul_SpringBootDocker_DockerDemo] INFO  o.eclipse.m2e.core.internal.Bundles - 	Entry: D:\sts-4.23.1.RELEASE\plugins\org.eclipse.m2e.maven.runtime_3.9.700.20240602-2313\jars\maven-compat-3.9.7.jar
2024-12-07 21:14:23,621 [Worker-15: Launching Executing install in C__Users_RAHUL_Desktop_Rahul_SpringBootDocker_DockerDemo] INFO  o.eclipse.m2e.core.internal.Bundles - 	Entry: D:\sts-4.23.1.RELEASE\plugins\org.eclipse.m2e.maven.runtime_3.9.700.20240602-2313\jars\maven-core-3.9.7.jar
2024-12-07 21:14:23,622 [Worker-15: Launching Executing install in C__Users_RAHUL_Desktop_Rahul_SpringBootDocker_DockerDemo] INFO  o.eclipse.m2e.core.internal.Bundles - 	Entry: D:\sts-4.23.1.RELEASE\plugins\org.eclipse.m2e.maven.runtime_3.9.700.20240602-2313\jars\maven-embedder-3.9.7.jar
2024-12-07 21:14:23,622 [Worker-15: Launching Executing install in C__Users_RAHUL_Desktop_Rahul_SpringBootDocker_DockerDemo] INFO  o.eclipse.m2e.core.internal.Bundles - 	Entry: D:\sts-4.23.1.RELEASE\plugins\org.eclipse.m2e.maven.runtime_3.9.700.20240602-2313\jars\maven-model-3.9.7.jar
2024-12-07 21:14:23,622 [Worker-15: Launching Executing install in C__Users_RAHUL_Desktop_Rahul_SpringBootDocker_DockerDemo] INFO  o.eclipse.m2e.core.internal.Bundles - 	Entry: D:\sts-4.23.1.RELEASE\plugins\org.eclipse.m2e.maven.runtime_3.9.700.20240602-2313\jars\maven-model-builder-3.9.7.jar
2024-12-07 21:14:23,623 [Worker-15: Launching Executing install in C__Users_RAHUL_Desktop_Rahul_SpringBootDocker_DockerDemo] INFO  o.eclipse.m2e.core.internal.Bundles - 	Entry: D:\sts-4.23.1.RELEASE\plugins\org.eclipse.m2e.maven.runtime_3.9.700.20240602-2313\jars\maven-plugin-api-3.9.7.jar
2024-12-07 21:14:23,623 [Worker-15: Launching Executing install in C__Users_RAHUL_Desktop_Rahul_SpringBootDocker_DockerDemo] INFO  o.eclipse.m2e.core.internal.Bundles - 	Entry: D:\sts-4.23.1.RELEASE\plugins\org.eclipse.m2e.maven.runtime_3.9.700.20240602-2313\jars\maven-repository-metadata-3.9.7.jar
2024-12-07 21:14:23,624 [Worker-15: Launching Executing install in C__Users_RAHUL_Desktop_Rahul_SpringBootDocker_DockerDemo] INFO  o.eclipse.m2e.core.internal.Bundles - 	Entry: D:\sts-4.23.1.RELEASE\plugins\org.eclipse.m2e.maven.runtime_3.9.700.20240602-2313\jars\maven-resolver-api-1.9.20.jar
2024-12-07 21:14:23,625 [Worker-15: Launching Executing install in C__Users_RAHUL_Desktop_Rahul_SpringBootDocker_DockerDemo] INFO  o.eclipse.m2e.core.internal.Bundles - 	Entry: D:\sts-4.23.1.RELEASE\plugins\org.eclipse.m2e.maven.runtime_3.9.700.20240602-2313\jars\maven-resolver-connector-basic-1.9.20.jar
2024-12-07 21:14:23,625 [Worker-15: Launching Executing install in C__Users_RAHUL_Desktop_Rahul_SpringBootDocker_DockerDemo] INFO  o.eclipse.m2e.core.internal.Bundles - 	Entry: D:\sts-4.23.1.RELEASE\plugins\org.eclipse.m2e.maven.runtime_3.9.700.20240602-2313\jars\maven-resolver-impl-1.9.20.jar
2024-12-07 21:14:23,625 [Worker-15: Launching Executing install in C__Users_RAHUL_Desktop_Rahul_SpringBootDocker_DockerDemo] INFO  o.eclipse.m2e.core.internal.Bundles - 	Entry: D:\sts-4.23.1.RELEASE\plugins\org.eclipse.m2e.maven.runtime_3.9.700.20240602-2313\jars\maven-resolver-named-locks-1.9.20.jar
2024-12-07 21:14:23,626 [Worker-15: Launching Executing install in C__Users_RAHUL_Desktop_Rahul_SpringBootDocker_DockerDemo] INFO  o.eclipse.m2e.core.internal.Bundles - 	Entry: D:\sts-4.23.1.RELEASE\plugins\org.eclipse.m2e.maven.runtime_3.9.700.20240602-2313\jars\maven-resolver-provider-3.9.7.jar
2024-12-07 21:14:23,627 [Worker-15: Launching Executing install in C__Users_RAHUL_Desktop_Rahul_SpringBootDocker_DockerDemo] INFO  o.eclipse.m2e.core.internal.Bundles - 	Entry: D:\sts-4.23.1.RELEASE\plugins\org.eclipse.m2e.maven.runtime_3.9.700.20240602-2313\jars\maven-resolver-spi-1.9.20.jar
2024-12-07 21:14:23,627 [Worker-15: Launching Executing install in C__Users_RAHUL_Desktop_Rahul_SpringBootDocker_DockerDemo] INFO  o.eclipse.m2e.core.internal.Bundles - 	Entry: D:\sts-4.23.1.RELEASE\plugins\org.eclipse.m2e.maven.runtime_3.9.700.20240602-2313\jars\maven-resolver-transport-file-1.9.20.jar
2024-12-07 21:14:23,628 [Worker-15: Launching Executing install in C__Users_RAHUL_Desktop_Rahul_SpringBootDocker_DockerDemo] INFO  o.eclipse.m2e.core.internal.Bundles - 	Entry: D:\sts-4.23.1.RELEASE\plugins\org.eclipse.m2e.maven.runtime_3.9.700.20240602-2313\jars\maven-resolver-transport-http-1.9.20.jar
2024-12-07 21:14:23,629 [Worker-15: Launching Executing install in C__Users_RAHUL_Desktop_Rahul_SpringBootDocker_DockerDemo] INFO  o.eclipse.m2e.core.internal.Bundles - 	Entry: D:\sts-4.23.1.RELEASE\plugins\org.eclipse.m2e.maven.runtime_3.9.700.20240602-2313\jars\maven-resolver-transport-wagon-1.9.20.jar
2024-12-07 21:14:23,629 [Worker-15: Launching Executing install in C__Users_RAHUL_Desktop_Rahul_SpringBootDocker_DockerDemo] INFO  o.eclipse.m2e.core.internal.Bundles - 	Entry: D:\sts-4.23.1.RELEASE\plugins\org.eclipse.m2e.maven.runtime_3.9.700.20240602-2313\jars\maven-resolver-util-1.9.20.jar
2024-12-07 21:14:23,629 [Worker-15: Launching Executing install in C__Users_RAHUL_Desktop_Rahul_SpringBootDocker_DockerDemo] INFO  o.eclipse.m2e.core.internal.Bundles - 	Entry: D:\sts-4.23.1.RELEASE\plugins\org.eclipse.m2e.maven.runtime_3.9.700.20240602-2313\jars\maven-settings-3.9.7.jar
2024-12-07 21:14:23,630 [Worker-15: Launching Executing install in C__Users_RAHUL_Desktop_Rahul_SpringBootDocker_DockerDemo] INFO  o.eclipse.m2e.core.internal.Bundles - 	Entry: D:\sts-4.23.1.RELEASE\plugins\org.eclipse.m2e.maven.runtime_3.9.700.20240602-2313\jars\maven-settings-builder-3.9.7.jar
2024-12-07 21:14:23,630 [Worker-15: Launching Executing install in C__Users_RAHUL_Desktop_Rahul_SpringBootDocker_DockerDemo] INFO  o.eclipse.m2e.core.internal.Bundles - 	Entry: D:\sts-4.23.1.RELEASE\plugins\org.eclipse.m2e.maven.runtime_3.9.700.20240602-2313\jars\maven-shared-utils-3.4.2.jar
2024-12-07 21:14:23,631 [Worker-15: Launching Executing install in C__Users_RAHUL_Desktop_Rahul_SpringBootDocker_DockerDemo] INFO  o.eclipse.m2e.core.internal.Bundles - 	Entry: D:\sts-4.23.1.RELEASE\plugins\org.eclipse.m2e.maven.runtime_3.9.700.20240602-2313\jars\org.eclipse.sisu.inject-0.9.0.M2.jar
2024-12-07 21:14:23,631 [Worker-15: Launching Executing install in C__Users_RAHUL_Desktop_Rahul_SpringBootDocker_DockerDemo] INFO  o.eclipse.m2e.core.internal.Bundles - 	Entry: D:\sts-4.23.1.RELEASE\plugins\org.eclipse.m2e.maven.runtime_3.9.700.20240602-2313\jars\org.eclipse.sisu.plexus-0.9.0.M2.jar
2024-12-07 21:14:23,631 [Worker-15: Launching Executing install in C__Users_RAHUL_Desktop_Rahul_SpringBootDocker_DockerDemo] INFO  o.eclipse.m2e.core.internal.Bundles - 	Entry: D:\sts-4.23.1.RELEASE\plugins\org.eclipse.m2e.maven.runtime_3.9.700.20240602-2313\jars\plexus-build-api-0.0.7.jar
2024-12-07 21:14:23,632 [Worker-15: Launching Executing install in C__Users_RAHUL_Desktop_Rahul_SpringBootDocker_DockerDemo] INFO  o.eclipse.m2e.core.internal.Bundles - 	Entry: D:\sts-4.23.1.RELEASE\plugins\org.eclipse.m2e.maven.runtime_3.9.700.20240602-2313\jars\plexus-build-api-1.2.0.jar
2024-12-07 21:14:23,632 [Worker-15: Launching Executing install in C__Users_RAHUL_Desktop_Rahul_SpringBootDocker_DockerDemo] INFO  o.eclipse.m2e.core.internal.Bundles - 	Entry: D:\sts-4.23.1.RELEASE\plugins\org.eclipse.m2e.maven.runtime_3.9.700.20240602-2313\jars\plexus-cipher-2.0.jar
2024-12-07 21:14:23,633 [Worker-15: Launching Executing install in C__Users_RAHUL_Desktop_Rahul_SpringBootDocker_DockerDemo] INFO  o.eclipse.m2e.core.internal.Bundles - 	Entry: D:\sts-4.23.1.RELEASE\plugins\org.eclipse.m2e.maven.runtime_3.9.700.20240602-2313\jars\plexus-classworlds-2.8.0.jar
2024-12-07 21:14:23,633 [Worker-15: Launching Executing install in C__Users_RAHUL_Desktop_Rahul_SpringBootDocker_DockerDemo] INFO  o.eclipse.m2e.core.internal.Bundles - 	Entry: D:\sts-4.23.1.RELEASE\plugins\org.eclipse.m2e.maven.runtime_3.9.700.20240602-2313\jars\plexus-component-annotations-2.1.0.jar
2024-12-07 21:14:23,633 [Worker-15: Launching Executing install in C__Users_RAHUL_Desktop_Rahul_SpringBootDocker_DockerDemo] INFO  o.eclipse.m2e.core.internal.Bundles - 	Entry: D:\sts-4.23.1.RELEASE\plugins\org.eclipse.m2e.maven.runtime_3.9.700.20240602-2313\jars\plexus-interpolation-1.27.jar
2024-12-07 21:14:23,634 [Worker-15: Launching Executing install in C__Users_RAHUL_Desktop_Rahul_SpringBootDocker_DockerDemo] INFO  o.eclipse.m2e.core.internal.Bundles - 	Entry: D:\sts-4.23.1.RELEASE\plugins\org.eclipse.m2e.maven.runtime_3.9.700.20240602-2313\jars\plexus-sec-dispatcher-2.0.jar
2024-12-07 21:14:23,634 [Worker-15: Launching Executing install in C__Users_RAHUL_Desktop_Rahul_SpringBootDocker_DockerDemo] INFO  o.eclipse.m2e.core.internal.Bundles - 	Entry: D:\sts-4.23.1.RELEASE\plugins\org.eclipse.m2e.maven.runtime_3.9.700.20240602-2313\jars\plexus-utils-3.5.1.jar
2024-12-07 21:14:23,635 [Worker-15: Launching Executing install in C__Users_RAHUL_Desktop_Rahul_SpringBootDocker_DockerDemo] INFO  o.eclipse.m2e.core.internal.Bundles - 	Entry: D:\sts-4.23.1.RELEASE\plugins\org.eclipse.m2e.maven.runtime_3.9.700.20240602-2313\jars\wagon-file-3.5.3.jar
2024-12-07 21:14:23,636 [Worker-15: Launching Executing install in C__Users_RAHUL_Desktop_Rahul_SpringBootDocker_DockerDemo] INFO  o.eclipse.m2e.core.internal.Bundles - 	Entry: D:\sts-4.23.1.RELEASE\plugins\org.eclipse.m2e.maven.runtime_3.9.700.20240602-2313\jars\wagon-http-3.5.3.jar
2024-12-07 21:14:23,636 [Worker-15: Launching Executing install in C__Users_RAHUL_Desktop_Rahul_SpringBootDocker_DockerDemo] INFO  o.eclipse.m2e.core.internal.Bundles - 	Entry: D:\sts-4.23.1.RELEASE\plugins\org.eclipse.m2e.maven.runtime_3.9.700.20240602-2313\jars\wagon-http-shared-3.5.3.jar
2024-12-07 21:14:23,637 [Worker-15: Launching Executing install in C__Users_RAHUL_Desktop_Rahul_SpringBootDocker_DockerDemo] INFO  o.eclipse.m2e.core.internal.Bundles - 	Entry: D:\sts-4.23.1.RELEASE\plugins\org.eclipse.m2e.maven.runtime_3.9.700.20240602-2313\jars\wagon-provider-api-3.5.3.jar
2024-12-07 21:14:23,637 [Worker-15: Launching Executing install in C__Users_RAHUL_Desktop_Rahul_SpringBootDocker_DockerDemo] INFO  o.eclipse.m2e.core.internal.Bundles - getClasspathEntries(Bundle=com.google.guava_33.2.0.jre [29])
2024-12-07 21:14:23,638 [Worker-15: Launching Executing install in C__Users_RAHUL_Desktop_Rahul_SpringBootDocker_DockerDemo] INFO  o.eclipse.m2e.core.internal.Bundles - 	Entry: D:\sts-4.23.1.RELEASE\plugins\com.google.guava_33.2.0.jre.jar
2024-12-07 21:14:23,638 [Worker-15: Launching Executing install in C__Users_RAHUL_Desktop_Rahul_SpringBootDocker_DockerDemo] INFO  o.eclipse.m2e.core.internal.Bundles - getClasspathEntries(Bundle=slf4j.api_2.0.13 [592])
2024-12-07 21:14:23,638 [Worker-15: Launching Executing install in C__Users_RAHUL_Desktop_Rahul_SpringBootDocker_DockerDemo] INFO  o.eclipse.m2e.core.internal.Bundles - 	Entry: D:\sts-4.23.1.RELEASE\plugins\slf4j.api_2.0.13.jar
2024-12-07 21:14:23,638 [Worker-15: Launching Executing install in C__Users_RAHUL_Desktop_Rahul_SpringBootDocker_DockerDemo] INFO  o.eclipse.m2e.core.internal.Bundles - getClasspathEntries(Bundle=jakarta.inject.jakarta.inject-api_1.0.5 [44])
2024-12-07 21:14:23,639 [Worker-15: Launching Executing install in C__Users_RAHUL_Desktop_Rahul_SpringBootDocker_DockerDemo] INFO  o.eclipse.m2e.core.internal.Bundles - 	Entry: D:\sts-4.23.1.RELEASE\plugins\jakarta.inject.jakarta.inject-api_1.0.5.jar
2024-12-07 21:14:23,639 [Worker-15: Launching Executing install in C__Users_RAHUL_Desktop_Rahul_SpringBootDocker_DockerDemo] INFO  o.eclipse.m2e.core.internal.Bundles - getClasspathEntries(Bundle=javax.annotation_1.3.5.v20200909-1856 [53])
2024-12-07 21:14:23,639 [Worker-15: Launching Executing install in C__Users_RAHUL_Desktop_Rahul_SpringBootDocker_DockerDemo] INFO  o.eclipse.m2e.core.internal.Bundles - 	Entry: D:\sts-4.23.1.RELEASE\plugins\javax.annotation_1.3.5.v20200909-1856.jar
2024-12-07 21:14:23,639 [Worker-15: Launching Executing install in C__Users_RAHUL_Desktop_Rahul_SpringBootDocker_DockerDemo] INFO  o.eclipse.m2e.core.internal.Bundles - getClasspathEntries(Bundle=org.apache.commons.cli_1.8.0 [76])
2024-12-07 21:14:23,640 [Worker-15: Launching Executing install in C__Users_RAHUL_Desktop_Rahul_SpringBootDocker_DockerDemo] INFO  o.eclipse.m2e.core.internal.Bundles - 	Entry: D:\sts-4.23.1.RELEASE\plugins\org.apache.commons.cli_1.8.0.jar
2024-12-07 21:14:23,640 [Worker-15: Launching Executing install in C__Users_RAHUL_Desktop_Rahul_SpringBootDocker_DockerDemo] INFO  o.eclipse.m2e.core.internal.Bundles - getClasspathEntries(Bundle=org.apache.commons.commons-codec_1.16.0 [78])
2024-12-07 21:14:23,640 [Worker-15: Launching Executing install in C__Users_RAHUL_Desktop_Rahul_SpringBootDocker_DockerDemo] INFO  o.eclipse.m2e.core.internal.Bundles - 	Entry: D:\sts-4.23.1.RELEASE\plugins\org.apache.commons.commons-codec_1.16.0.jar
2024-12-07 21:14:23,640 [Worker-15: Launching Executing install in C__Users_RAHUL_Desktop_Rahul_SpringBootDocker_DockerDemo] INFO  o.eclipse.m2e.core.internal.Bundles - getClasspathEntries(Bundle=org.apache.commons.lang3_3.14.0 [82])
2024-12-07 21:14:23,641 [Worker-15: Launching Executing install in C__Users_RAHUL_Desktop_Rahul_SpringBootDocker_DockerDemo] INFO  o.eclipse.m2e.core.internal.Bundles - 	Entry: D:\sts-4.23.1.RELEASE\plugins\org.apache.commons.lang3_3.14.0.jar
2024-12-07 21:14:23,641 [Worker-15: Launching Executing install in C__Users_RAHUL_Desktop_Rahul_SpringBootDocker_DockerDemo] INFO  o.eclipse.m2e.core.internal.Bundles - getClasspathEntries(Bundle=com.google.guava.failureaccess_1.0.2 [30])
2024-12-07 21:14:23,641 [Worker-15: Launching Executing install in C__Users_RAHUL_Desktop_Rahul_SpringBootDocker_DockerDemo] INFO  o.eclipse.m2e.core.internal.Bundles - 	Entry: D:\sts-4.23.1.RELEASE\plugins\com.google.guava.failureaccess_1.0.2.jar
2024-12-07 21:14:23,644 [Worker-15: Launching Executing install in C__Users_RAHUL_Desktop_Rahul_SpringBootDocker_DockerDemo] INFO  o.e.m.i.launch.MavenLaunchDelegate - Run build in "C:\Users\RAHUL\Desktop\Rahul\SpringBootDocker\DockerDemo":
2024-12-07 21:14:23,645 [Worker-15: Launching Executing install in C__Users_RAHUL_Desktop_Rahul_SpringBootDocker_DockerDemo] INFO  o.e.m.i.launch.MavenLaunchDelegate -  mvn  -Ppom.xml -B -Dstyle.color=always install
2024-12-07 21:31:12,082 [Worker-21: Building] INFO  o.a.m.s.f.DefaultMavenResourcesFiltering - Copying 0 resource from src\main\resources to target\classes
2024-12-07 21:31:12,087 [Worker-21: Building] INFO  o.a.m.s.f.DefaultMavenResourcesFiltering - Copying 0 resource from src\main\resources to target\classes
2024-12-07 21:31:12,093 [Worker-21: Building] INFO  o.a.m.s.f.DefaultMavenResourcesFiltering - skip non existing resourceDirectory C:\Users\RAHUL\Desktop\Rahul\SpringBootDocker\DockerDemo\src\test\resources
2024-12-07 21:34:14,364 [Worker-17: Building] INFO  o.a.m.s.f.DefaultMavenResourcesFiltering - Copying 0 resource from src\main\resources to target\classes
2024-12-07 21:34:14,368 [Worker-17: Building] INFO  o.a.m.s.f.DefaultMavenResourcesFiltering - Copying 0 resource from src\main\resources to target\classes
2024-12-07 21:34:14,373 [Worker-17: Building] INFO  o.a.m.s.f.DefaultMavenResourcesFiltering - skip non existing resourceDirectory C:\Users\RAHUL\Desktop\Rahul\SpringBootDocker\DockerDemo\src\test\resources
2024-12-07 21:59:01,378 [Worker-26: Building] INFO  o.a.m.s.f.DefaultMavenResourcesFiltering - Copying 1 resource from src\main\resources to target\classes
2024-12-07 21:59:01,436 [Worker-26: Building] INFO  o.a.m.s.f.DefaultMavenResourcesFiltering - Copying 0 resource from src\main\resources to target\classes
2024-12-07 21:59:01,444 [Worker-26: Building] INFO  o.a.m.s.f.DefaultMavenResourcesFiltering - skip non existing resourceDirectory C:\Users\RAHUL\Desktop\Rahul\SpringBootDocker\DockerDemo\src\test\resources
2024-12-07 21:59:26,267 [Worker-26: Building] INFO  o.e.m.c.i.l.LifecycleMappingFactory - Using org.eclipse.m2e.jdt.JarLifecycleMapping lifecycle mapping for MavenProject: com.example:DockerDemo:0.0.1-SNAPSHOT @ C:\Users\RAHUL\Desktop\Rahul\SpringBootDocker\DockerDemo\pom.xml.
2024-12-07 21:59:28,195 [Worker-26: Building] INFO  o.a.m.s.f.DefaultMavenResourcesFiltering - Copying 0 resource from src\main\resources to target\classes
2024-12-07 21:59:28,200 [Worker-26: Building] INFO  o.a.m.s.f.DefaultMavenResourcesFiltering - Copying 0 resource from src\main\resources to target\classes
2024-12-07 21:59:28,232 [Worker-26: Building] INFO  o.a.m.s.f.DefaultMavenResourcesFiltering - skip non existing resourceDirectory C:\Users\RAHUL\Desktop\Rahul\SpringBootDocker\DockerDemo\src\test\resources
2024-12-07 21:59:45,207 [Worker-26: Building] INFO  o.e.m.c.i.l.LifecycleMappingFactory - Using org.eclipse.m2e.jdt.JarLifecycleMapping lifecycle mapping for MavenProject: com.example:DockerDemo:0.0.1-SNAPSHOT @ C:\Users\RAHUL\Desktop\Rahul\SpringBootDocker\DockerDemo\pom.xml.
2024-12-07 21:59:46,665 [Worker-26: Building] INFO  o.a.m.s.f.DefaultMavenResourcesFiltering - Copying 0 resource from src\main\resources to target\classes
2024-12-07 21:59:46,669 [Worker-26: Building] INFO  o.a.m.s.f.DefaultMavenResourcesFiltering - Copying 0 resource from src\main\resources to target\classes
2024-12-07 21:59:46,681 [Worker-26: Building] INFO  o.a.m.s.f.DefaultMavenResourcesFiltering - skip non existing resourceDirectory C:\Users\RAHUL\Desktop\Rahul\SpringBootDocker\DockerDemo\src\test\resources
2024-12-07 21:59:52,566 [Worker-26: Launching Executing install in C__Users_RAHUL_Desktop_Rahul_SpringBootDocker_DockerDemo] INFO  o.eclipse.m2e.core.internal.Bundles - getClasspathEntries(Bundle=org.eclipse.m2e.maven.runtime_3.9.700.20240602-2313 [359])
2024-12-07 21:59:52,567 [Worker-26: Launching Executing install in C__Users_RAHUL_Desktop_Rahul_SpringBootDocker_DockerDemo] INFO  o.eclipse.m2e.core.internal.Bundles - 	Entry: D:\sts-4.23.1.RELEASE\plugins\org.eclipse.m2e.maven.runtime_3.9.700.20240602-2313
2024-12-07 21:59:52,568 [Worker-26: Launching Executing install in C__Users_RAHUL_Desktop_Rahul_SpringBootDocker_DockerDemo] INFO  o.eclipse.m2e.core.internal.Bundles - 	Entry: D:\sts-4.23.1.RELEASE\plugins\org.eclipse.m2e.maven.runtime_3.9.700.20240602-2313\jars\aopalliance-1.0.jar
2024-12-07 21:59:52,569 [Worker-26: Launching Executing install in C__Users_RAHUL_Desktop_Rahul_SpringBootDocker_DockerDemo] INFO  o.eclipse.m2e.core.internal.Bundles - 	Entry: D:\sts-4.23.1.RELEASE\plugins\org.eclipse.m2e.maven.runtime_3.9.700.20240602-2313\jars\guice-5.1.0.jar
2024-12-07 21:59:52,570 [Worker-26: Launching Executing install in C__Users_RAHUL_Desktop_Rahul_SpringBootDocker_DockerDemo] INFO  o.eclipse.m2e.core.internal.Bundles - 	Entry: D:\sts-4.23.1.RELEASE\plugins\org.eclipse.m2e.maven.runtime_3.9.700.20240602-2313\jars\httpclient-4.5.14.jar
2024-12-07 21:59:52,570 [Worker-26: Launching Executing install in C__Users_RAHUL_Desktop_Rahul_SpringBootDocker_DockerDemo] INFO  o.eclipse.m2e.core.internal.Bundles - 	Entry: D:\sts-4.23.1.RELEASE\plugins\org.eclipse.m2e.maven.runtime_3.9.700.20240602-2313\jars\httpcore-4.4.16.jar
2024-12-07 21:59:52,571 [Worker-26: Launching Executing install in C__Users_RAHUL_Desktop_Rahul_SpringBootDocker_DockerDemo] INFO  o.eclipse.m2e.core.internal.Bundles - 	Entry: D:\sts-4.23.1.RELEASE\plugins\org.eclipse.m2e.maven.runtime_3.9.700.20240602-2313\jars\jansi-2.4.1.jar
2024-12-07 21:59:52,572 [Worker-26: Launching Executing install in C__Users_RAHUL_Desktop_Rahul_SpringBootDocker_DockerDemo] INFO  o.eclipse.m2e.core.internal.Bundles - 	Entry: D:\sts-4.23.1.RELEASE\plugins\org.eclipse.m2e.maven.runtime_3.9.700.20240602-2313\jars\jcl-over-slf4j-1.7.36.jar
2024-12-07 21:59:52,572 [Worker-26: Launching Executing install in C__Users_RAHUL_Desktop_Rahul_SpringBootDocker_DockerDemo] INFO  o.eclipse.m2e.core.internal.Bundles - 	Entry: D:\sts-4.23.1.RELEASE\plugins\org.eclipse.m2e.maven.runtime_3.9.700.20240602-2313\jars\maven-artifact-3.9.7.jar
2024-12-07 21:59:52,573 [Worker-26: Launching Executing install in C__Users_RAHUL_Desktop_Rahul_SpringBootDocker_DockerDemo] INFO  o.eclipse.m2e.core.internal.Bundles - 	Entry: D:\sts-4.23.1.RELEASE\plugins\org.eclipse.m2e.maven.runtime_3.9.700.20240602-2313\jars\maven-builder-support-3.9.7.jar
2024-12-07 21:59:52,573 [Worker-26: Launching Executing install in C__Users_RAHUL_Desktop_Rahul_SpringBootDocker_DockerDemo] INFO  o.eclipse.m2e.core.internal.Bundles - 	Entry: D:\sts-4.23.1.RELEASE\plugins\org.eclipse.m2e.maven.runtime_3.9.700.20240602-2313\jars\maven-compat-3.9.7.jar
2024-12-07 21:59:52,575 [Worker-26: Launching Executing install in C__Users_RAHUL_Desktop_Rahul_SpringBootDocker_DockerDemo] INFO  o.eclipse.m2e.core.internal.Bundles - 	Entry: D:\sts-4.23.1.RELEASE\plugins\org.eclipse.m2e.maven.runtime_3.9.700.20240602-2313\jars\maven-core-3.9.7.jar
2024-12-07 21:59:52,575 [Worker-26: Launching Executing install in C__Users_RAHUL_Desktop_Rahul_SpringBootDocker_DockerDemo] INFO  o.eclipse.m2e.core.internal.Bundles - 	Entry: D:\sts-4.23.1.RELEASE\plugins\org.eclipse.m2e.maven.runtime_3.9.700.20240602-2313\jars\maven-embedder-3.9.7.jar
2024-12-07 21:59:52,576 [Worker-26: Launching Executing install in C__Users_RAHUL_Desktop_Rahul_SpringBootDocker_DockerDemo] INFO  o.eclipse.m2e.core.internal.Bundles - 	Entry: D:\sts-4.23.1.RELEASE\plugins\org.eclipse.m2e.maven.runtime_3.9.700.20240602-2313\jars\maven-model-3.9.7.jar
2024-12-07 21:59:52,576 [Worker-26: Launching Executing install in C__Users_RAHUL_Desktop_Rahul_SpringBootDocker_DockerDemo] INFO  o.eclipse.m2e.core.internal.Bundles - 	Entry: D:\sts-4.23.1.RELEASE\plugins\org.eclipse.m2e.maven.runtime_3.9.700.20240602-2313\jars\maven-model-builder-3.9.7.jar
2024-12-07 21:59:52,577 [Worker-26: Launching Executing install in C__Users_RAHUL_Desktop_Rahul_SpringBootDocker_DockerDemo] INFO  o.eclipse.m2e.core.internal.Bundles - 	Entry: D:\sts-4.23.1.RELEASE\plugins\org.eclipse.m2e.maven.runtime_3.9.700.20240602-2313\jars\maven-plugin-api-3.9.7.jar
2024-12-07 21:59:52,577 [Worker-26: Launching Executing install in C__Users_RAHUL_Desktop_Rahul_SpringBootDocker_DockerDemo] INFO  o.eclipse.m2e.core.internal.Bundles - 	Entry: D:\sts-4.23.1.RELEASE\plugins\org.eclipse.m2e.maven.runtime_3.9.700.20240602-2313\jars\maven-repository-metadata-3.9.7.jar
2024-12-07 21:59:52,578 [Worker-26: Launching Executing install in C__Users_RAHUL_Desktop_Rahul_SpringBootDocker_DockerDemo] INFO  o.eclipse.m2e.core.internal.Bundles - 	Entry: D:\sts-4.23.1.RELEASE\plugins\org.eclipse.m2e.maven.runtime_3.9.700.20240602-2313\jars\maven-resolver-api-1.9.20.jar
2024-12-07 21:59:52,578 [Worker-26: Launching Executing install in C__Users_RAHUL_Desktop_Rahul_SpringBootDocker_DockerDemo] INFO  o.eclipse.m2e.core.internal.Bundles - 	Entry: D:\sts-4.23.1.RELEASE\plugins\org.eclipse.m2e.maven.runtime_3.9.700.20240602-2313\jars\maven-resolver-connector-basic-1.9.20.jar
2024-12-07 21:59:52,579 [Worker-26: Launching Executing install in C__Users_RAHUL_Desktop_Rahul_SpringBootDocker_DockerDemo] INFO  o.eclipse.m2e.core.internal.Bundles - 	Entry: D:\sts-4.23.1.RELEASE\plugins\org.eclipse.m2e.maven.runtime_3.9.700.20240602-2313\jars\maven-resolver-impl-1.9.20.jar
2024-12-07 21:59:52,580 [Worker-26: Launching Executing install in C__Users_RAHUL_Desktop_Rahul_SpringBootDocker_DockerDemo] INFO  o.eclipse.m2e.core.internal.Bundles - 	Entry: D:\sts-4.23.1.RELEASE\plugins\org.eclipse.m2e.maven.runtime_3.9.700.20240602-2313\jars\maven-resolver-named-locks-1.9.20.jar
2024-12-07 21:59:52,580 [Worker-26: Launching Executing install in C__Users_RAHUL_Desktop_Rahul_SpringBootDocker_DockerDemo] INFO  o.eclipse.m2e.core.internal.Bundles - 	Entry: D:\sts-4.23.1.RELEASE\plugins\org.eclipse.m2e.maven.runtime_3.9.700.20240602-2313\jars\maven-resolver-provider-3.9.7.jar
2024-12-07 21:59:52,581 [Worker-26: Launching Executing install in C__Users_RAHUL_Desktop_Rahul_SpringBootDocker_DockerDemo] INFO  o.eclipse.m2e.core.internal.Bundles - 	Entry: D:\sts-4.23.1.RELEASE\plugins\org.eclipse.m2e.maven.runtime_3.9.700.20240602-2313\jars\maven-resolver-spi-1.9.20.jar
2024-12-07 21:59:52,581 [Worker-26: Launching Executing install in C__Users_RAHUL_Desktop_Rahul_SpringBootDocker_DockerDemo] INFO  o.eclipse.m2e.core.internal.Bundles - 	Entry: D:\sts-4.23.1.RELEASE\plugins\org.eclipse.m2e.maven.runtime_3.9.700.20240602-2313\jars\maven-resolver-transport-file-1.9.20.jar
2024-12-07 21:59:52,582 [Worker-26: Launching Executing install in C__Users_RAHUL_Desktop_Rahul_SpringBootDocker_DockerDemo] INFO  o.eclipse.m2e.core.internal.Bundles - 	Entry: D:\sts-4.23.1.RELEASE\plugins\org.eclipse.m2e.maven.runtime_3.9.700.20240602-2313\jars\maven-resolver-transport-http-1.9.20.jar
2024-12-07 21:59:52,582 [Worker-26: Launching Executing install in C__Users_RAHUL_Desktop_Rahul_SpringBootDocker_DockerDemo] INFO  o.eclipse.m2e.core.internal.Bundles - 	Entry: D:\sts-4.23.1.RELEASE\plugins\org.eclipse.m2e.maven.runtime_3.9.700.20240602-2313\jars\maven-resolver-transport-wagon-1.9.20.jar
2024-12-07 21:59:52,583 [Worker-26: Launching Executing install in C__Users_RAHUL_Desktop_Rahul_SpringBootDocker_DockerDemo] INFO  o.eclipse.m2e.core.internal.Bundles - 	Entry: D:\sts-4.23.1.RELEASE\plugins\org.eclipse.m2e.maven.runtime_3.9.700.20240602-2313\jars\maven-resolver-util-1.9.20.jar
2024-12-07 21:59:52,583 [Worker-26: Launching Executing install in C__Users_RAHUL_Desktop_Rahul_SpringBootDocker_DockerDemo] INFO  o.eclipse.m2e.core.internal.Bundles - 	Entry: D:\sts-4.23.1.RELEASE\plugins\org.eclipse.m2e.maven.runtime_3.9.700.20240602-2313\jars\maven-settings-3.9.7.jar
2024-12-07 21:59:52,584 [Worker-26: Launching Executing install in C__Users_RAHUL_Desktop_Rahul_SpringBootDocker_DockerDemo] INFO  o.eclipse.m2e.core.internal.Bundles - 	Entry: D:\sts-4.23.1.RELEASE\plugins\org.eclipse.m2e.maven.runtime_3.9.700.20240602-2313\jars\maven-settings-builder-3.9.7.jar
2024-12-07 21:59:52,584 [Worker-26: Launching Executing install in C__Users_RAHUL_Desktop_Rahul_SpringBootDocker_DockerDemo] INFO  o.eclipse.m2e.core.internal.Bundles - 	Entry: D:\sts-4.23.1.RELEASE\plugins\org.eclipse.m2e.maven.runtime_3.9.700.20240602-2313\jars\maven-shared-utils-3.4.2.jar
2024-12-07 21:59:52,585 [Worker-26: Launching Executing install in C__Users_RAHUL_Desktop_Rahul_SpringBootDocker_DockerDemo] INFO  o.eclipse.m2e.core.internal.Bundles - 	Entry: D:\sts-4.23.1.RELEASE\plugins\org.eclipse.m2e.maven.runtime_3.9.700.20240602-2313\jars\org.eclipse.sisu.inject-0.9.0.M2.jar
2024-12-07 21:59:52,585 [Worker-26: Launching Executing install in C__Users_RAHUL_Desktop_Rahul_SpringBootDocker_DockerDemo] INFO  o.eclipse.m2e.core.internal.Bundles - 	Entry: D:\sts-4.23.1.RELEASE\plugins\org.eclipse.m2e.maven.runtime_3.9.700.20240602-2313\jars\org.eclipse.sisu.plexus-0.9.0.M2.jar
2024-12-07 21:59:52,586 [Worker-26: Launching Executing install in C__Users_RAHUL_Desktop_Rahul_SpringBootDocker_DockerDemo] INFO  o.eclipse.m2e.core.internal.Bundles - 	Entry: D:\sts-4.23.1.RELEASE\plugins\org.eclipse.m2e.maven.runtime_3.9.700.20240602-2313\jars\plexus-build-api-0.0.7.jar
2024-12-07 21:59:52,586 [Worker-26: Launching Executing install in C__Users_RAHUL_Desktop_Rahul_SpringBootDocker_DockerDemo] INFO  o.eclipse.m2e.core.internal.Bundles - 	Entry: D:\sts-4.23.1.RELEASE\plugins\org.eclipse.m2e.maven.runtime_3.9.700.20240602-2313\jars\plexus-build-api-1.2.0.jar
2024-12-07 21:59:52,586 [Worker-26: Launching Executing install in C__Users_RAHUL_Desktop_Rahul_SpringBootDocker_DockerDemo] INFO  o.eclipse.m2e.core.internal.Bundles - 	Entry: D:\sts-4.23.1.RELEASE\plugins\org.eclipse.m2e.maven.runtime_3.9.700.20240602-2313\jars\plexus-cipher-2.0.jar
2024-12-07 21:59:52,587 [Worker-26: Launching Executing install in C__Users_RAHUL_Desktop_Rahul_SpringBootDocker_DockerDemo] INFO  o.eclipse.m2e.core.internal.Bundles - 	Entry: D:\sts-4.23.1.RELEASE\plugins\org.eclipse.m2e.maven.runtime_3.9.700.20240602-2313\jars\plexus-classworlds-2.8.0.jar
2024-12-07 21:59:52,587 [Worker-26: Launching Executing install in C__Users_RAHUL_Desktop_Rahul_SpringBootDocker_DockerDemo] INFO  o.eclipse.m2e.core.internal.Bundles - 	Entry: D:\sts-4.23.1.RELEASE\plugins\org.eclipse.m2e.maven.runtime_3.9.700.20240602-2313\jars\plexus-component-annotations-2.1.0.jar
2024-12-07 21:59:52,588 [Worker-26: Launching Executing install in C__Users_RAHUL_Desktop_Rahul_SpringBootDocker_DockerDemo] INFO  o.eclipse.m2e.core.internal.Bundles - 	Entry: D:\sts-4.23.1.RELEASE\plugins\org.eclipse.m2e.maven.runtime_3.9.700.20240602-2313\jars\plexus-interpolation-1.27.jar
2024-12-07 21:59:52,588 [Worker-26: Launching Executing install in C__Users_RAHUL_Desktop_Rahul_SpringBootDocker_DockerDemo] INFO  o.eclipse.m2e.core.internal.Bundles - 	Entry: D:\sts-4.23.1.RELEASE\plugins\org.eclipse.m2e.maven.runtime_3.9.700.20240602-2313\jars\plexus-sec-dispatcher-2.0.jar
2024-12-07 21:59:52,588 [Worker-26: Launching Executing install in C__Users_RAHUL_Desktop_Rahul_SpringBootDocker_DockerDemo] INFO  o.eclipse.m2e.core.internal.Bundles - 	Entry: D:\sts-4.23.1.RELEASE\plugins\org.eclipse.m2e.maven.runtime_3.9.700.20240602-2313\jars\plexus-utils-3.5.1.jar
2024-12-07 21:59:52,589 [Worker-26: Launching Executing install in C__Users_RAHUL_Desktop_Rahul_SpringBootDocker_DockerDemo] INFO  o.eclipse.m2e.core.internal.Bundles - 	Entry: D:\sts-4.23.1.RELEASE\plugins\org.eclipse.m2e.maven.runtime_3.9.700.20240602-2313\jars\wagon-file-3.5.3.jar
2024-12-07 21:59:52,589 [Worker-26: Launching Executing install in C__Users_RAHUL_Desktop_Rahul_SpringBootDocker_DockerDemo] INFO  o.eclipse.m2e.core.internal.Bundles - 	Entry: D:\sts-4.23.1.RELEASE\plugins\org.eclipse.m2e.maven.runtime_3.9.700.20240602-2313\jars\wagon-http-3.5.3.jar
2024-12-07 21:59:52,589 [Worker-26: Launching Executing install in C__Users_RAHUL_Desktop_Rahul_SpringBootDocker_DockerDemo] INFO  o.eclipse.m2e.core.internal.Bundles - 	Entry: D:\sts-4.23.1.RELEASE\plugins\org.eclipse.m2e.maven.runtime_3.9.700.20240602-2313\jars\wagon-http-shared-3.5.3.jar
2024-12-07 21:59:52,590 [Worker-26: Launching Executing install in C__Users_RAHUL_Desktop_Rahul_SpringBootDocker_DockerDemo] INFO  o.eclipse.m2e.core.internal.Bundles - 	Entry: D:\sts-4.23.1.RELEASE\plugins\org.eclipse.m2e.maven.runtime_3.9.700.20240602-2313\jars\wagon-provider-api-3.5.3.jar
2024-12-07 21:59:52,590 [Worker-26: Launching Executing install in C__Users_RAHUL_Desktop_Rahul_SpringBootDocker_DockerDemo] INFO  o.eclipse.m2e.core.internal.Bundles - getClasspathEntries(Bundle=com.google.guava_33.2.0.jre [29])
2024-12-07 21:59:52,591 [Worker-26: Launching Executing install in C__Users_RAHUL_Desktop_Rahul_SpringBootDocker_DockerDemo] INFO  o.eclipse.m2e.core.internal.Bundles - 	Entry: D:\sts-4.23.1.RELEASE\plugins\com.google.guava_33.2.0.jre.jar
2024-12-07 21:59:52,591 [Worker-26: Launching Executing install in C__Users_RAHUL_Desktop_Rahul_SpringBootDocker_DockerDemo] INFO  o.eclipse.m2e.core.internal.Bundles - getClasspathEntries(Bundle=slf4j.api_2.0.13 [592])
2024-12-07 21:59:52,591 [Worker-26: Launching Executing install in C__Users_RAHUL_Desktop_Rahul_SpringBootDocker_DockerDemo] INFO  o.eclipse.m2e.core.internal.Bundles - 	Entry: D:\sts-4.23.1.RELEASE\plugins\slf4j.api_2.0.13.jar
2024-12-07 21:59:52,591 [Worker-26: Launching Executing install in C__Users_RAHUL_Desktop_Rahul_SpringBootDocker_DockerDemo] INFO  o.eclipse.m2e.core.internal.Bundles - getClasspathEntries(Bundle=jakarta.inject.jakarta.inject-api_1.0.5 [44])
2024-12-07 21:59:52,591 [Worker-26: Launching Executing install in C__Users_RAHUL_Desktop_Rahul_SpringBootDocker_DockerDemo] INFO  o.eclipse.m2e.core.internal.Bundles - 	Entry: D:\sts-4.23.1.RELEASE\plugins\jakarta.inject.jakarta.inject-api_1.0.5.jar
2024-12-07 21:59:52,591 [Worker-26: Launching Executing install in C__Users_RAHUL_Desktop_Rahul_SpringBootDocker_DockerDemo] INFO  o.eclipse.m2e.core.internal.Bundles - getClasspathEntries(Bundle=javax.annotation_1.3.5.v20200909-1856 [53])
2024-12-07 21:59:52,592 [Worker-26: Launching Executing install in C__Users_RAHUL_Desktop_Rahul_SpringBootDocker_DockerDemo] INFO  o.eclipse.m2e.core.internal.Bundles - 	Entry: D:\sts-4.23.1.RELEASE\plugins\javax.annotation_1.3.5.v20200909-1856.jar
2024-12-07 21:59:52,592 [Worker-26: Launching Executing install in C__Users_RAHUL_Desktop_Rahul_SpringBootDocker_DockerDemo] INFO  o.eclipse.m2e.core.internal.Bundles - getClasspathEntries(Bundle=org.apache.commons.cli_1.8.0 [76])
2024-12-07 21:59:52,593 [Worker-26: Launching Executing install in C__Users_RAHUL_Desktop_Rahul_SpringBootDocker_DockerDemo] INFO  o.eclipse.m2e.core.internal.Bundles - 	Entry: D:\sts-4.23.1.RELEASE\plugins\org.apache.commons.cli_1.8.0.jar
2024-12-07 21:59:52,593 [Worker-26: Launching Executing install in C__Users_RAHUL_Desktop_Rahul_SpringBootDocker_DockerDemo] INFO  o.eclipse.m2e.core.internal.Bundles - getClasspathEntries(Bundle=org.apache.commons.commons-codec_1.16.0 [78])
2024-12-07 21:59:52,593 [Worker-26: Launching Executing install in C__Users_RAHUL_Desktop_Rahul_SpringBootDocker_DockerDemo] INFO  o.eclipse.m2e.core.internal.Bundles - 	Entry: D:\sts-4.23.1.RELEASE\plugins\org.apache.commons.commons-codec_1.16.0.jar
2024-12-07 21:59:52,593 [Worker-26: Launching Executing install in C__Users_RAHUL_Desktop_Rahul_SpringBootDocker_DockerDemo] INFO  o.eclipse.m2e.core.internal.Bundles - getClasspathEntries(Bundle=org.apache.commons.lang3_3.14.0 [82])
2024-12-07 21:59:52,594 [Worker-26: Launching Executing install in C__Users_RAHUL_Desktop_Rahul_SpringBootDocker_DockerDemo] INFO  o.eclipse.m2e.core.internal.Bundles - 	Entry: D:\sts-4.23.1.RELEASE\plugins\org.apache.commons.lang3_3.14.0.jar
2024-12-07 21:59:52,594 [Worker-26: Launching Executing install in C__Users_RAHUL_Desktop_Rahul_SpringBootDocker_DockerDemo] INFO  o.eclipse.m2e.core.internal.Bundles - getClasspathEntries(Bundle=com.google.guava.failureaccess_1.0.2 [30])
2024-12-07 21:59:52,594 [Worker-26: Launching Executing install in C__Users_RAHUL_Desktop_Rahul_SpringBootDocker_DockerDemo] INFO  o.eclipse.m2e.core.internal.Bundles - 	Entry: D:\sts-4.23.1.RELEASE\plugins\com.google.guava.failureaccess_1.0.2.jar
2024-12-07 21:59:52,599 [Worker-26: Launching Executing install in C__Users_RAHUL_Desktop_Rahul_SpringBootDocker_DockerDemo] INFO  o.e.m.i.launch.MavenLaunchDelegate - Run build in "C:\Users\RAHUL\Desktop\Rahul\SpringBootDocker\DockerDemo":
2024-12-07 21:59:52,599 [Worker-26: Launching Executing install in C__Users_RAHUL_Desktop_Rahul_SpringBootDocker_DockerDemo] INFO  o.e.m.i.launch.MavenLaunchDelegate -  mvn  -Ppom.xml -B -Dstyle.color=always install
2024-12-07 22:01:13,459 [Worker-25: Building] INFO  o.a.m.s.f.DefaultMavenResourcesFiltering - Copying 0 resource from src\main\resources to target\classes
2024-12-07 22:01:13,465 [Worker-25: Building] INFO  o.a.m.s.f.DefaultMavenResourcesFiltering - Copying 0 resource from src\main\resources to target\classes
2024-12-07 22:01:13,472 [Worker-25: Building] INFO  o.a.m.s.f.DefaultMavenResourcesFiltering - skip non existing resourceDirectory C:\Users\RAHUL\Desktop\Rahul\SpringBootDocker\DockerDemo\src\test\resources
